CRITICAL - 2021-10-13 20:35:08 --> Undefined property: App\Controllers\FormularioController::$load
#0 /opt/lampp/htdocs/codeigniter/app/Controllers/FormularioController.php(8): CodeIgniter\Debug\Exceptions->errorHandler(2, 'Undefined prope...', '/opt/lampp/htdo...', 8)
#1 /opt/lampp/htdocs/codeigniter/system/CodeIgniter.php(824): App\Controllers\FormularioController->index()
#2 /opt/lampp/htdocs/codeigniter/system/CodeIgniter.php(410): CodeIgniter\CodeIgniter->runController(Object(App\Controllers\FormularioController))
#3 /opt/lampp/htdocs/codeigniter/system/CodeIgniter.php(318): CodeIgniter\CodeIgniter->handleRequest(NULL, Object(Config\Cache), false)
#4 /opt/lampp/htdocs/codeigniter/public/index.php(37): CodeIgniter\CodeIgniter->run()
#5 {main}
CRITICAL - 2021-10-13 20:35:57 --> Undefined property: App\Controllers\FormularioController::$load
#0 /opt/lampp/htdocs/codeigniter/app/Controllers/FormularioController.php(8): CodeIgniter\Debug\Exceptions->errorHandler(2, 'Undefined prope...', '/opt/lampp/htdo...', 8)
#1 /opt/lampp/htdocs/codeigniter/system/CodeIgniter.php(824): App\Controllers\FormularioController->index()
#2 /opt/lampp/htdocs/codeigniter/system/CodeIgniter.php(410): CodeIgniter\CodeIgniter->runController(Object(App\Controllers\FormularioController))
#3 /opt/lampp/htdocs/codeigniter/system/CodeIgniter.php(318): CodeIgniter\CodeIgniter->handleRequest(NULL, Object(Config\Cache), false)
#4 /opt/lampp/htdocs/codeigniter/public/index.php(37): CodeIgniter\CodeIgniter->run()
#5 {main}
CRITICAL - 2021-10-13 20:44:58 --> Undefined property: App\Controllers\FormularioController::$load
#0 /opt/lampp/htdocs/codeigniter/app/Controllers/FormularioController.php(14): CodeIgniter\Debug\Exceptions->errorHandler(2, 'Undefined prope...', '/opt/lampp/htdo...', 14)
#1 /opt/lampp/htdocs/codeigniter/system/CodeIgniter.php(824): App\Controllers\FormularioController->index()
#2 /opt/lampp/htdocs/codeigniter/system/CodeIgniter.php(410): CodeIgniter\CodeIgniter->runController(Object(App\Controllers\FormularioController))
#3 /opt/lampp/htdocs/codeigniter/system/CodeIgniter.php(318): CodeIgniter\CodeIgniter->handleRequest(NULL, Object(Config\Cache), false)
#4 /opt/lampp/htdocs/codeigniter/public/index.php(37): CodeIgniter\CodeIgniter->run()
#5 {main}
CRITICAL - 2021-10-13 20:46:21 --> Undefined property: App\Controllers\FormularioController::$load
#0 /opt/lampp/htdocs/codeigniter/app/Controllers/FormularioController.php(18): CodeIgniter\Debug\Exceptions->errorHandler(2, 'Undefined prope...', '/opt/lampp/htdo...', 18)
#1 /opt/lampp/htdocs/codeigniter/system/CodeIgniter.php(824): App\Controllers\FormularioController->gravarDados()
#2 /opt/lampp/htdocs/codeigniter/system/CodeIgniter.php(410): CodeIgniter\CodeIgniter->runController(Object(App\Controllers\FormularioController))
#3 /opt/lampp/htdocs/codeigniter/system/CodeIgniter.php(318): CodeIgniter\CodeIgniter->handleRequest(NULL, Object(Config\Cache), false)
#4 /opt/lampp/htdocs/codeigniter/public/index.php(37): CodeIgniter\CodeIgniter->run()
#5 {main}
CRITICAL - 2021-10-13 21:00:42 --> syntax error, unexpected variable "$servername", expecting "function" or "const"
#0 /opt/lampp/htdocs/codeigniter/system/Autoloader/Autoloader.php(241): CodeIgniter\Autoloader\Autoloader->includeFile('/opt/lampp/htdo...')
#1 /opt/lampp/htdocs/codeigniter/system/Autoloader/Autoloader.php(219): CodeIgniter\Autoloader\Autoloader->loadInNamespace('App\\Controllers...')
#2 [internal function]: CodeIgniter\Autoloader\Autoloader->loadClass('App\\Controllers...')
#3 /opt/lampp/htdocs/codeigniter/system/CodeIgniter.php(789): class_exists('\\App\\Controller...', true)
#4 /opt/lampp/htdocs/codeigniter/system/CodeIgniter.php(397): CodeIgniter\CodeIgniter->startController()
#5 /opt/lampp/htdocs/codeigniter/system/CodeIgniter.php(318): CodeIgniter\CodeIgniter->handleRequest(NULL, Object(Config\Cache), false)
#6 /opt/lampp/htdocs/codeigniter/public/index.php(37): CodeIgniter\CodeIgniter->run()
#7 {main}
CRITICAL - 2021-10-13 21:01:07 --> syntax error, unexpected variable "$servername"
#0 /opt/lampp/htdocs/codeigniter/system/Autoloader/Autoloader.php(241): CodeIgniter\Autoloader\Autoloader->includeFile('/opt/lampp/htdo...')
#1 /opt/lampp/htdocs/codeigniter/system/Autoloader/Autoloader.php(219): CodeIgniter\Autoloader\Autoloader->loadInNamespace('App\\Controllers...')
#2 [internal function]: CodeIgniter\Autoloader\Autoloader->loadClass('App\\Controllers...')
#3 /opt/lampp/htdocs/codeigniter/system/CodeIgniter.php(789): class_exists('\\App\\Controller...', true)
#4 /opt/lampp/htdocs/codeigniter/system/CodeIgniter.php(397): CodeIgniter\CodeIgniter->startController()
#5 /opt/lampp/htdocs/codeigniter/system/CodeIgniter.php(318): CodeIgniter\CodeIgniter->handleRequest(NULL, Object(Config\Cache), false)
#6 /opt/lampp/htdocs/codeigniter/public/index.php(37): CodeIgniter\CodeIgniter->run()
#7 {main}
CRITICAL - 2021-10-13 21:01:46 --> syntax error, unexpected variable "$servername"
#0 /opt/lampp/htdocs/codeigniter/system/Autoloader/Autoloader.php(241): CodeIgniter\Autoloader\Autoloader->includeFile('/opt/lampp/htdo...')
#1 /opt/lampp/htdocs/codeigniter/system/Autoloader/Autoloader.php(219): CodeIgniter\Autoloader\Autoloader->loadInNamespace('App\\Controllers...')
#2 [internal function]: CodeIgniter\Autoloader\Autoloader->loadClass('App\\Controllers...')
#3 /opt/lampp/htdocs/codeigniter/system/CodeIgniter.php(789): class_exists('\\App\\Controller...', true)
#4 /opt/lampp/htdocs/codeigniter/system/CodeIgniter.php(397): CodeIgniter\CodeIgniter->startController()
#5 /opt/lampp/htdocs/codeigniter/system/CodeIgniter.php(318): CodeIgniter\CodeIgniter->handleRequest(NULL, Object(Config\Cache), false)
#6 /opt/lampp/htdocs/codeigniter/public/index.php(37): CodeIgniter\CodeIgniter->run()
#7 {main}
CRITICAL - 2021-10-13 21:01:54 --> syntax error, unexpected variable "$servername"
#0 /opt/lampp/htdocs/codeigniter/system/Autoloader/Autoloader.php(241): CodeIgniter\Autoloader\Autoloader->includeFile('/opt/lampp/htdo...')
#1 /opt/lampp/htdocs/codeigniter/system/Autoloader/Autoloader.php(219): CodeIgniter\Autoloader\Autoloader->loadInNamespace('App\\Controllers...')
#2 [internal function]: CodeIgniter\Autoloader\Autoloader->loadClass('App\\Controllers...')
#3 /opt/lampp/htdocs/codeigniter/system/CodeIgniter.php(789): class_exists('\\App\\Controller...', true)
#4 /opt/lampp/htdocs/codeigniter/system/CodeIgniter.php(397): CodeIgniter\CodeIgniter->startController()
#5 /opt/lampp/htdocs/codeigniter/system/CodeIgniter.php(318): CodeIgniter\CodeIgniter->handleRequest(NULL, Object(Config\Cache), false)
#6 /opt/lampp/htdocs/codeigniter/public/index.php(37): CodeIgniter\CodeIgniter->run()
#7 {main}
CRITICAL - 2021-10-13 21:03:28 --> syntax error, unexpected variable "$username"
#0 /opt/lampp/htdocs/codeigniter/system/Autoloader/Autoloader.php(241): CodeIgniter\Autoloader\Autoloader->includeFile('/opt/lampp/htdo...')
#1 /opt/lampp/htdocs/codeigniter/system/Autoloader/Autoloader.php(219): CodeIgniter\Autoloader\Autoloader->loadInNamespace('App\\Controllers...')
#2 [internal function]: CodeIgniter\Autoloader\Autoloader->loadClass('App\\Controllers...')
#3 /opt/lampp/htdocs/codeigniter/system/CodeIgniter.php(789): class_exists('\\App\\Controller...', true)
#4 /opt/lampp/htdocs/codeigniter/system/CodeIgniter.php(397): CodeIgniter\CodeIgniter->startController()
#5 /opt/lampp/htdocs/codeigniter/system/CodeIgniter.php(318): CodeIgniter\CodeIgniter->handleRequest(NULL, Object(Config\Cache), false)
#6 /opt/lampp/htdocs/codeigniter/public/index.php(37): CodeIgniter\CodeIgniter->run()
#7 {main}
CRITICAL - 2021-10-13 21:03:44 --> syntax error, unexpected variable "$nome"
#0 /opt/lampp/htdocs/codeigniter/system/Autoloader/Autoloader.php(241): CodeIgniter\Autoloader\Autoloader->includeFile('/opt/lampp/htdo...')
#1 /opt/lampp/htdocs/codeigniter/system/Autoloader/Autoloader.php(219): CodeIgniter\Autoloader\Autoloader->loadInNamespace('App\\Controllers...')
#2 [internal function]: CodeIgniter\Autoloader\Autoloader->loadClass('App\\Controllers...')
#3 /opt/lampp/htdocs/codeigniter/system/CodeIgniter.php(789): class_exists('\\App\\Controller...', true)
#4 /opt/lampp/htdocs/codeigniter/system/CodeIgniter.php(397): CodeIgniter\CodeIgniter->startController()
#5 /opt/lampp/htdocs/codeigniter/system/CodeIgniter.php(318): CodeIgniter\CodeIgniter->handleRequest(NULL, Object(Config\Cache), false)
#6 /opt/lampp/htdocs/codeigniter/public/index.php(37): CodeIgniter\CodeIgniter->run()
#7 {main}
CRITICAL - 2021-10-13 21:04:14 --> Class "App\Controllers\mysqli" not found
#0 /opt/lampp/htdocs/codeigniter/system/CodeIgniter.php(824): App\Controllers\FormularioController->gravarDados()
#1 /opt/lampp/htdocs/codeigniter/system/CodeIgniter.php(410): CodeIgniter\CodeIgniter->runController(Object(App\Controllers\FormularioController))
#2 /opt/lampp/htdocs/codeigniter/system/CodeIgniter.php(318): CodeIgniter\CodeIgniter->handleRequest(NULL, Object(Config\Cache), false)
#3 /opt/lampp/htdocs/codeigniter/public/index.php(37): CodeIgniter\CodeIgniter->run()
#4 {main}
CRITICAL - 2021-10-13 21:08:00 --> Undefined variable $servername
#0 /opt/lampp/htdocs/codeigniter/app/Controllers/FormularioController.php(18): CodeIgniter\Debug\Exceptions->errorHandler(2, 'Undefined varia...', '/opt/lampp/htdo...', 18)
#1 /opt/lampp/htdocs/codeigniter/system/CodeIgniter.php(824): App\Controllers\FormularioController->gravarDados()
#2 /opt/lampp/htdocs/codeigniter/system/CodeIgniter.php(410): CodeIgniter\CodeIgniter->runController(Object(App\Controllers\FormularioController))
#3 /opt/lampp/htdocs/codeigniter/system/CodeIgniter.php(318): CodeIgniter\CodeIgniter->handleRequest(NULL, Object(Config\Cache), false)
#4 /opt/lampp/htdocs/codeigniter/public/index.php(37): CodeIgniter\CodeIgniter->run()
#5 {main}
CRITICAL - 2021-10-13 21:11:11 --> Undefined variable $id
#0 /opt/lampp/htdocs/codeigniter/app/Controllers/FormularioController.php(31): CodeIgniter\Debug\Exceptions->errorHandler(2, 'Undefined varia...', '/opt/lampp/htdo...', 31)
#1 /opt/lampp/htdocs/codeigniter/system/CodeIgniter.php(824): App\Controllers\FormularioController->gravarDados()
#2 /opt/lampp/htdocs/codeigniter/system/CodeIgniter.php(410): CodeIgniter\CodeIgniter->runController(Object(App\Controllers\FormularioController))
#3 /opt/lampp/htdocs/codeigniter/system/CodeIgniter.php(318): CodeIgniter\CodeIgniter->handleRequest(NULL, Object(Config\Cache), false)
#4 /opt/lampp/htdocs/codeigniter/public/index.php(37): CodeIgniter\CodeIgniter->run()
#5 {main}
CRITICAL - 2021-10-13 21:23:10 --> syntax error, unexpected variable "$_SESSION", expecting "function" or "const"
#0 /opt/lampp/htdocs/codeigniter/system/Autoloader/Autoloader.php(241): CodeIgniter\Autoloader\Autoloader->includeFile('/opt/lampp/htdo...')
#1 /opt/lampp/htdocs/codeigniter/system/Autoloader/Autoloader.php(219): CodeIgniter\Autoloader\Autoloader->loadInNamespace('App\\Controllers...')
#2 [internal function]: CodeIgniter\Autoloader\Autoloader->loadClass('App\\Controllers...')
#3 /opt/lampp/htdocs/codeigniter/system/CodeIgniter.php(789): class_exists('\\App\\Controller...', true)
#4 /opt/lampp/htdocs/codeigniter/system/CodeIgniter.php(397): CodeIgniter\CodeIgniter->startController()
#5 /opt/lampp/htdocs/codeigniter/system/CodeIgniter.php(318): CodeIgniter\CodeIgniter->handleRequest(NULL, Object(Config\Cache), false)
#6 /opt/lampp/htdocs/codeigniter/public/index.php(37): CodeIgniter\CodeIgniter->run()
#7 {main}
CRITICAL - 2021-10-13 21:23:45 --> Namespace declaration statement has to be the very first statement or after any declare call in the script
#0 [internal function]: CodeIgniter\Debug\Exceptions->shutdownHandler()
#1 {main}
CRITICAL - 2021-10-13 21:25:43 --> Undefined array key "id"
#0 /opt/lampp/htdocs/codeigniter/app/Controllers/FormularioController.php(12): CodeIgniter\Debug\Exceptions->errorHandler(2, 'Undefined array...', '/opt/lampp/htdo...', 12)
#1 /opt/lampp/htdocs/codeigniter/system/CodeIgniter.php(824): App\Controllers\FormularioController->index()
#2 /opt/lampp/htdocs/codeigniter/system/CodeIgniter.php(410): CodeIgniter\CodeIgniter->runController(Object(App\Controllers\FormularioController))
#3 /opt/lampp/htdocs/codeigniter/system/CodeIgniter.php(318): CodeIgniter\CodeIgniter->handleRequest(NULL, Object(Config\Cache), false)
#4 /opt/lampp/htdocs/codeigniter/public/index.php(37): CodeIgniter\CodeIgniter->run()
#5 {main}
CRITICAL - 2021-10-13 21:26:03 --> syntax error, unexpected variable "$_SESSION", expecting "function" or "const"
#0 /opt/lampp/htdocs/codeigniter/system/Autoloader/Autoloader.php(241): CodeIgniter\Autoloader\Autoloader->includeFile('/opt/lampp/htdo...')
#1 /opt/lampp/htdocs/codeigniter/system/Autoloader/Autoloader.php(219): CodeIgniter\Autoloader\Autoloader->loadInNamespace('App\\Controllers...')
#2 [internal function]: CodeIgniter\Autoloader\Autoloader->loadClass('App\\Controllers...')
#3 /opt/lampp/htdocs/codeigniter/system/CodeIgniter.php(789): class_exists('\\App\\Controller...', true)
#4 /opt/lampp/htdocs/codeigniter/system/CodeIgniter.php(397): CodeIgniter\CodeIgniter->startController()
#5 /opt/lampp/htdocs/codeigniter/system/CodeIgniter.php(318): CodeIgniter\CodeIgniter->handleRequest(NULL, Object(Config\Cache), false)
#6 /opt/lampp/htdocs/codeigniter/public/index.php(37): CodeIgniter\CodeIgniter->run()
#7 {main}
CRITICAL - 2021-10-13 21:26:14 --> syntax error, unexpected token "[", expecting "," or ";"
#0 /opt/lampp/htdocs/codeigniter/system/Autoloader/Autoloader.php(241): CodeIgniter\Autoloader\Autoloader->includeFile('/opt/lampp/htdo...')
#1 /opt/lampp/htdocs/codeigniter/system/Autoloader/Autoloader.php(219): CodeIgniter\Autoloader\Autoloader->loadInNamespace('App\\Controllers...')
#2 [internal function]: CodeIgniter\Autoloader\Autoloader->loadClass('App\\Controllers...')
#3 /opt/lampp/htdocs/codeigniter/system/CodeIgniter.php(789): class_exists('\\App\\Controller...', true)
#4 /opt/lampp/htdocs/codeigniter/system/CodeIgniter.php(397): CodeIgniter\CodeIgniter->startController()
#5 /opt/lampp/htdocs/codeigniter/system/CodeIgniter.php(318): CodeIgniter\CodeIgniter->handleRequest(NULL, Object(Config\Cache), false)
#6 /opt/lampp/htdocs/codeigniter/public/index.php(37): CodeIgniter\CodeIgniter->run()
#7 {main}
CRITICAL - 2021-10-13 21:26:26 --> syntax error, unexpected token "[", expecting "," or ";"
#0 /opt/lampp/htdocs/codeigniter/system/Autoloader/Autoloader.php(241): CodeIgniter\Autoloader\Autoloader->includeFile('/opt/lampp/htdo...')
#1 /opt/lampp/htdocs/codeigniter/system/Autoloader/Autoloader.php(219): CodeIgniter\Autoloader\Autoloader->loadInNamespace('App\\Controllers...')
#2 [internal function]: CodeIgniter\Autoloader\Autoloader->loadClass('App\\Controllers...')
#3 /opt/lampp/htdocs/codeigniter/system/CodeIgniter.php(789): class_exists('\\App\\Controller...', true)
#4 /opt/lampp/htdocs/codeigniter/system/CodeIgniter.php(397): CodeIgniter\CodeIgniter->startController()
#5 /opt/lampp/htdocs/codeigniter/system/CodeIgniter.php(318): CodeIgniter\CodeIgniter->handleRequest(NULL, Object(Config\Cache), false)
#6 /opt/lampp/htdocs/codeigniter/public/index.php(37): CodeIgniter\CodeIgniter->run()
#7 {main}
CRITICAL - 2021-10-13 21:26:36 --> syntax error, unexpected variable "$_SESSION", expecting "function" or "const"
#0 /opt/lampp/htdocs/codeigniter/system/Autoloader/Autoloader.php(241): CodeIgniter\Autoloader\Autoloader->includeFile('/opt/lampp/htdo...')
#1 /opt/lampp/htdocs/codeigniter/system/Autoloader/Autoloader.php(219): CodeIgniter\Autoloader\Autoloader->loadInNamespace('App\\Controllers...')
#2 [internal function]: CodeIgniter\Autoloader\Autoloader->loadClass('App\\Controllers...')
#3 /opt/lampp/htdocs/codeigniter/system/CodeIgniter.php(789): class_exists('\\App\\Controller...', true)
#4 /opt/lampp/htdocs/codeigniter/system/CodeIgniter.php(397): CodeIgniter\CodeIgniter->startController()
#5 /opt/lampp/htdocs/codeigniter/system/CodeIgniter.php(318): CodeIgniter\CodeIgniter->handleRequest(NULL, Object(Config\Cache), false)
#6 /opt/lampp/htdocs/codeigniter/public/index.php(37): CodeIgniter\CodeIgniter->run()
#7 {main}
CRITICAL - 2021-10-13 21:39:41 --> Undefined array key "nome"
#0 /opt/lampp/htdocs/codeigniter/app/Controllers/FormularioController.php(63): CodeIgniter\Debug\Exceptions->errorHandler(2, 'Undefined array...', '/opt/lampp/htdo...', 63)
#1 /opt/lampp/htdocs/codeigniter/system/CodeIgniter.php(824): App\Controllers\FormularioController->lerDados()
#2 /opt/lampp/htdocs/codeigniter/system/CodeIgniter.php(410): CodeIgniter\CodeIgniter->runController(Object(App\Controllers\FormularioController))
#3 /opt/lampp/htdocs/codeigniter/system/CodeIgniter.php(318): CodeIgniter\CodeIgniter->handleRequest(NULL, Object(Config\Cache), false)
#4 /opt/lampp/htdocs/codeigniter/public/index.php(37): CodeIgniter\CodeIgniter->run()
#5 {main}
CRITICAL - 2021-10-13 21:39:56 --> Undefined array key "nome"
#0 /opt/lampp/htdocs/codeigniter/app/Controllers/FormularioController.php(63): CodeIgniter\Debug\Exceptions->errorHandler(2, 'Undefined array...', '/opt/lampp/htdo...', 63)
#1 /opt/lampp/htdocs/codeigniter/system/CodeIgniter.php(824): App\Controllers\FormularioController->lerDados()
#2 /opt/lampp/htdocs/codeigniter/system/CodeIgniter.php(410): CodeIgniter\CodeIgniter->runController(Object(App\Controllers\FormularioController))
#3 /opt/lampp/htdocs/codeigniter/system/CodeIgniter.php(318): CodeIgniter\CodeIgniter->handleRequest(NULL, Object(Config\Cache), false)
#4 /opt/lampp/htdocs/codeigniter/public/index.php(37): CodeIgniter\CodeIgniter->run()
#5 {main}
