CRITICAL - 2021-10-11 08:01:42 --> Too few arguments to function App\Controllers\Test::index(), 0 passed in /opt/lampp/htdocs/codeigniter/system/CodeIgniter.php on line 824 and exactly 1 expected
#0 /opt/lampp/htdocs/codeigniter/system/CodeIgniter.php(824): App\Controllers\Test->index()
#1 /opt/lampp/htdocs/codeigniter/system/CodeIgniter.php(410): CodeIgniter\CodeIgniter->runController(Object(App\Controllers\Test))
#2 /opt/lampp/htdocs/codeigniter/system/CodeIgniter.php(318): CodeIgniter\CodeIgniter->handleRequest(NULL, Object(Config\Cache), false)
#3 /opt/lampp/htdocs/codeigniter/public/index.php(37): CodeIgniter\CodeIgniter->run()
#4 {main}
CRITICAL - 2021-10-11 08:01:44 --> Too few arguments to function App\Controllers\Test::index(), 0 passed in /opt/lampp/htdocs/codeigniter/system/CodeIgniter.php on line 824 and exactly 1 expected
#0 /opt/lampp/htdocs/codeigniter/system/CodeIgniter.php(824): App\Controllers\Test->index()
#1 /opt/lampp/htdocs/codeigniter/system/CodeIgniter.php(410): CodeIgniter\CodeIgniter->runController(Object(App\Controllers\Test))
#2 /opt/lampp/htdocs/codeigniter/system/CodeIgniter.php(318): CodeIgniter\CodeIgniter->handleRequest(NULL, Object(Config\Cache), false)
#3 /opt/lampp/htdocs/codeigniter/public/index.php(37): CodeIgniter\CodeIgniter->run()
#4 {main}
CRITICAL - 2021-10-11 09:53:05 --> syntax error, unexpected variable "$request", expecting "function" or "const"
#0 /opt/lampp/htdocs/codeigniter/system/Autoloader/Autoloader.php(241): CodeIgniter\Autoloader\Autoloader->includeFile('/opt/lampp/htdo...')
#1 /opt/lampp/htdocs/codeigniter/system/Autoloader/Autoloader.php(219): CodeIgniter\Autoloader\Autoloader->loadInNamespace('App\\Controllers...')
#2 [internal function]: CodeIgniter\Autoloader\Autoloader->loadClass('App\\Controllers...')
#3 /opt/lampp/htdocs/codeigniter/system/CodeIgniter.php(789): class_exists('\\App\\Controller...', true)
#4 /opt/lampp/htdocs/codeigniter/system/CodeIgniter.php(397): CodeIgniter\CodeIgniter->startController()
#5 /opt/lampp/htdocs/codeigniter/system/CodeIgniter.php(318): CodeIgniter\CodeIgniter->handleRequest(NULL, Object(Config\Cache), false)
#6 /opt/lampp/htdocs/codeigniter/public/index.php(37): CodeIgniter\CodeIgniter->run()
#7 {main}
CRITICAL - 2021-10-11 09:53:29 --> syntax error, unexpected variable "$request", expecting "function" or "const"
#0 /opt/lampp/htdocs/codeigniter/system/Autoloader/Autoloader.php(241): CodeIgniter\Autoloader\Autoloader->includeFile('/opt/lampp/htdo...')
#1 /opt/lampp/htdocs/codeigniter/system/Autoloader/Autoloader.php(219): CodeIgniter\Autoloader\Autoloader->loadInNamespace('App\\Controllers...')
#2 [internal function]: CodeIgniter\Autoloader\Autoloader->loadClass('App\\Controllers...')
#3 /opt/lampp/htdocs/codeigniter/system/CodeIgniter.php(789): class_exists('\\App\\Controller...', true)
#4 /opt/lampp/htdocs/codeigniter/system/CodeIgniter.php(397): CodeIgniter\CodeIgniter->startController()
#5 /opt/lampp/htdocs/codeigniter/system/CodeIgniter.php(318): CodeIgniter\CodeIgniter->handleRequest(NULL, Object(Config\Cache), false)
#6 /opt/lampp/htdocs/codeigniter/public/index.php(37): CodeIgniter\CodeIgniter->run()
#7 {main}
CRITICAL - 2021-10-11 09:55:02 --> syntax error, unexpected variable "$request", expecting "function" or "const"
#0 /opt/lampp/htdocs/codeigniter/system/Autoloader/Autoloader.php(241): CodeIgniter\Autoloader\Autoloader->includeFile('/opt/lampp/htdo...')
#1 /opt/lampp/htdocs/codeigniter/system/Autoloader/Autoloader.php(219): CodeIgniter\Autoloader\Autoloader->loadInNamespace('App\\Controllers...')
#2 [internal function]: CodeIgniter\Autoloader\Autoloader->loadClass('App\\Controllers...')
#3 /opt/lampp/htdocs/codeigniter/system/CodeIgniter.php(789): class_exists('\\App\\Controller...', true)
#4 /opt/lampp/htdocs/codeigniter/system/CodeIgniter.php(397): CodeIgniter\CodeIgniter->startController()
#5 /opt/lampp/htdocs/codeigniter/system/CodeIgniter.php(318): CodeIgniter\CodeIgniter->handleRequest(NULL, Object(Config\Cache), false)
#6 /opt/lampp/htdocs/codeigniter/public/index.php(37): CodeIgniter\CodeIgniter->run()
#7 {main}
CRITICAL - 2021-10-11 09:55:11 --> syntax error, unexpected variable "$request", expecting "function" or "const"
#0 /opt/lampp/htdocs/codeigniter/system/Autoloader/Autoloader.php(241): CodeIgniter\Autoloader\Autoloader->includeFile('/opt/lampp/htdo...')
#1 /opt/lampp/htdocs/codeigniter/system/Autoloader/Autoloader.php(219): CodeIgniter\Autoloader\Autoloader->loadInNamespace('App\\Controllers...')
#2 [internal function]: CodeIgniter\Autoloader\Autoloader->loadClass('App\\Controllers...')
#3 /opt/lampp/htdocs/codeigniter/system/CodeIgniter.php(789): class_exists('\\App\\Controller...', true)
#4 /opt/lampp/htdocs/codeigniter/system/CodeIgniter.php(397): CodeIgniter\CodeIgniter->startController()
#5 /opt/lampp/htdocs/codeigniter/system/CodeIgniter.php(318): CodeIgniter\CodeIgniter->handleRequest(NULL, Object(Config\Cache), false)
#6 /opt/lampp/htdocs/codeigniter/public/index.php(37): CodeIgniter\CodeIgniter->run()
#7 {main}
CRITICAL - 2021-10-11 09:55:22 --> syntax error, unexpected variable "$request", expecting "function" or "const"
#0 /opt/lampp/htdocs/codeigniter/system/Router/Router.php(176): CodeIgniter\Router\Router->autoRoute('test')
#1 /opt/lampp/htdocs/codeigniter/system/CodeIgniter.php(718): CodeIgniter\Router\Router->handle('test')
#2 /opt/lampp/htdocs/codeigniter/system/CodeIgniter.php(359): CodeIgniter\CodeIgniter->tryToRouteIt(Object(CodeIgniter\Router\RouteCollection))
#3 /opt/lampp/htdocs/codeigniter/system/CodeIgniter.php(318): CodeIgniter\CodeIgniter->handleRequest(NULL, Object(Config\Cache), false)
#4 /opt/lampp/htdocs/codeigniter/public/index.php(37): CodeIgniter\CodeIgniter->run()
#5 {main}
CRITICAL - 2021-10-11 09:55:25 --> syntax error, unexpected variable "$request", expecting "function" or "const"
#0 /opt/lampp/htdocs/codeigniter/system/Autoloader/Autoloader.php(241): CodeIgniter\Autoloader\Autoloader->includeFile('/opt/lampp/htdo...')
#1 /opt/lampp/htdocs/codeigniter/system/Autoloader/Autoloader.php(219): CodeIgniter\Autoloader\Autoloader->loadInNamespace('App\\Controllers...')
#2 [internal function]: CodeIgniter\Autoloader\Autoloader->loadClass('App\\Controllers...')
#3 /opt/lampp/htdocs/codeigniter/system/CodeIgniter.php(789): class_exists('\\App\\Controller...', true)
#4 /opt/lampp/htdocs/codeigniter/system/CodeIgniter.php(397): CodeIgniter\CodeIgniter->startController()
#5 /opt/lampp/htdocs/codeigniter/system/CodeIgniter.php(318): CodeIgniter\CodeIgniter->handleRequest(NULL, Object(Config\Cache), false)
#6 /opt/lampp/htdocs/codeigniter/public/index.php(37): CodeIgniter\CodeIgniter->run()
#7 {main}
CRITICAL - 2021-10-11 09:55:58 --> syntax error, unexpected variable "$request", expecting "function" or "const"
#0 /opt/lampp/htdocs/codeigniter/system/Autoloader/Autoloader.php(241): CodeIgniter\Autoloader\Autoloader->includeFile('/opt/lampp/htdo...')
#1 /opt/lampp/htdocs/codeigniter/system/Autoloader/Autoloader.php(219): CodeIgniter\Autoloader\Autoloader->loadInNamespace('App\\Controllers...')
#2 [internal function]: CodeIgniter\Autoloader\Autoloader->loadClass('App\\Controllers...')
#3 /opt/lampp/htdocs/codeigniter/system/CodeIgniter.php(789): class_exists('\\App\\Controller...', true)
#4 /opt/lampp/htdocs/codeigniter/system/CodeIgniter.php(397): CodeIgniter\CodeIgniter->startController()
#5 /opt/lampp/htdocs/codeigniter/system/CodeIgniter.php(318): CodeIgniter\CodeIgniter->handleRequest(NULL, Object(Config\Cache), false)
#6 /opt/lampp/htdocs/codeigniter/public/index.php(37): CodeIgniter\CodeIgniter->run()
#7 {main}
CRITICAL - 2021-10-11 09:56:02 --> Class "BaseController" not found
#0 /opt/lampp/htdocs/codeigniter/system/Autoloader/Autoloader.php(264): include_once()
#1 /opt/lampp/htdocs/codeigniter/system/Autoloader/Autoloader.php(241): CodeIgniter\Autoloader\Autoloader->includeFile('/opt/lampp/htdo...')
#2 /opt/lampp/htdocs/codeigniter/system/Autoloader/Autoloader.php(219): CodeIgniter\Autoloader\Autoloader->loadInNamespace('App\\Controllers...')
#3 [internal function]: CodeIgniter\Autoloader\Autoloader->loadClass('App\\Controllers...')
#4 /opt/lampp/htdocs/codeigniter/system/CodeIgniter.php(789): class_exists('\\App\\Controller...', true)
#5 /opt/lampp/htdocs/codeigniter/system/CodeIgniter.php(397): CodeIgniter\CodeIgniter->startController()
#6 /opt/lampp/htdocs/codeigniter/system/CodeIgniter.php(318): CodeIgniter\CodeIgniter->handleRequest(NULL, Object(Config\Cache), false)
#7 /opt/lampp/htdocs/codeigniter/public/index.php(37): CodeIgniter\CodeIgniter->run()
#8 {main}
CRITICAL - 2021-10-11 09:56:20 --> Class "BaseController" not found
#0 /opt/lampp/htdocs/codeigniter/system/Autoloader/Autoloader.php(264): include_once()
#1 /opt/lampp/htdocs/codeigniter/system/Autoloader/Autoloader.php(241): CodeIgniter\Autoloader\Autoloader->includeFile('/opt/lampp/htdo...')
#2 /opt/lampp/htdocs/codeigniter/system/Autoloader/Autoloader.php(219): CodeIgniter\Autoloader\Autoloader->loadInNamespace('App\\Controllers...')
#3 [internal function]: CodeIgniter\Autoloader\Autoloader->loadClass('App\\Controllers...')
#4 /opt/lampp/htdocs/codeigniter/system/CodeIgniter.php(789): class_exists('\\App\\Controller...', true)
#5 /opt/lampp/htdocs/codeigniter/system/CodeIgniter.php(397): CodeIgniter\CodeIgniter->startController()
#6 /opt/lampp/htdocs/codeigniter/system/CodeIgniter.php(318): CodeIgniter\CodeIgniter->handleRequest(NULL, Object(Config\Cache), false)
#7 /opt/lampp/htdocs/codeigniter/public/index.php(37): CodeIgniter\CodeIgniter->run()
#8 {main}
CRITICAL - 2021-10-11 09:57:14 --> Class "BaseController" not found
#0 /opt/lampp/htdocs/codeigniter/system/Autoloader/Autoloader.php(264): include_once()
#1 /opt/lampp/htdocs/codeigniter/system/Autoloader/Autoloader.php(241): CodeIgniter\Autoloader\Autoloader->includeFile('/opt/lampp/htdo...')
#2 /opt/lampp/htdocs/codeigniter/system/Autoloader/Autoloader.php(219): CodeIgniter\Autoloader\Autoloader->loadInNamespace('App\\Controllers...')
#3 [internal function]: CodeIgniter\Autoloader\Autoloader->loadClass('App\\Controllers...')
#4 /opt/lampp/htdocs/codeigniter/system/CodeIgniter.php(789): class_exists('\\App\\Controller...', true)
#5 /opt/lampp/htdocs/codeigniter/system/CodeIgniter.php(397): CodeIgniter\CodeIgniter->startController()
#6 /opt/lampp/htdocs/codeigniter/system/CodeIgniter.php(318): CodeIgniter\CodeIgniter->handleRequest(NULL, Object(Config\Cache), false)
#7 /opt/lampp/htdocs/codeigniter/public/index.php(37): CodeIgniter\CodeIgniter->run()
#8 {main}
CRITICAL - 2021-10-11 09:57:48 --> Class "BaseController" not found
#0 /opt/lampp/htdocs/codeigniter/system/Autoloader/Autoloader.php(264): include_once()
#1 /opt/lampp/htdocs/codeigniter/system/Autoloader/Autoloader.php(241): CodeIgniter\Autoloader\Autoloader->includeFile('/opt/lampp/htdo...')
#2 /opt/lampp/htdocs/codeigniter/system/Autoloader/Autoloader.php(219): CodeIgniter\Autoloader\Autoloader->loadInNamespace('App\\Controllers...')
#3 [internal function]: CodeIgniter\Autoloader\Autoloader->loadClass('App\\Controllers...')
#4 /opt/lampp/htdocs/codeigniter/system/CodeIgniter.php(789): class_exists('\\App\\Controller...', true)
#5 /opt/lampp/htdocs/codeigniter/system/CodeIgniter.php(397): CodeIgniter\CodeIgniter->startController()
#6 /opt/lampp/htdocs/codeigniter/system/CodeIgniter.php(318): CodeIgniter\CodeIgniter->handleRequest(NULL, Object(Config\Cache), false)
#7 /opt/lampp/htdocs/codeigniter/public/index.php(37): CodeIgniter\CodeIgniter->run()
#8 {main}
CRITICAL - 2021-10-11 09:57:56 --> Class "BaseController" not found
#0 /opt/lampp/htdocs/codeigniter/system/Autoloader/Autoloader.php(264): include_once()
#1 /opt/lampp/htdocs/codeigniter/system/Autoloader/Autoloader.php(241): CodeIgniter\Autoloader\Autoloader->includeFile('/opt/lampp/htdo...')
#2 /opt/lampp/htdocs/codeigniter/system/Autoloader/Autoloader.php(219): CodeIgniter\Autoloader\Autoloader->loadInNamespace('App\\Controllers...')
#3 [internal function]: CodeIgniter\Autoloader\Autoloader->loadClass('App\\Controllers...')
#4 /opt/lampp/htdocs/codeigniter/system/CodeIgniter.php(789): class_exists('\\App\\Controller...', true)
#5 /opt/lampp/htdocs/codeigniter/system/CodeIgniter.php(397): CodeIgniter\CodeIgniter->startController()
#6 /opt/lampp/htdocs/codeigniter/system/CodeIgniter.php(318): CodeIgniter\CodeIgniter->handleRequest(NULL, Object(Config\Cache), false)
#7 /opt/lampp/htdocs/codeigniter/public/index.php(37): CodeIgniter\CodeIgniter->run()
#8 {main}
CRITICAL - 2021-10-11 09:58:00 --> syntax error, unexpected variable "$request", expecting "function" or "const"
#0 /opt/lampp/htdocs/codeigniter/system/Autoloader/Autoloader.php(241): CodeIgniter\Autoloader\Autoloader->includeFile('/opt/lampp/htdo...')
#1 /opt/lampp/htdocs/codeigniter/system/Autoloader/Autoloader.php(219): CodeIgniter\Autoloader\Autoloader->loadInNamespace('App\\Controllers...')
#2 [internal function]: CodeIgniter\Autoloader\Autoloader->loadClass('App\\Controllers...')
#3 /opt/lampp/htdocs/codeigniter/system/CodeIgniter.php(789): class_exists('\\App\\Controller...', true)
#4 /opt/lampp/htdocs/codeigniter/system/CodeIgniter.php(397): CodeIgniter\CodeIgniter->startController()
#5 /opt/lampp/htdocs/codeigniter/system/CodeIgniter.php(318): CodeIgniter\CodeIgniter->handleRequest(NULL, Object(Config\Cache), false)
#6 /opt/lampp/htdocs/codeigniter/public/index.php(37): CodeIgniter\CodeIgniter->run()
#7 {main}
CRITICAL - 2021-10-11 09:58:07 --> syntax error, unexpected variable "$request", expecting "function" or "const"
#0 /opt/lampp/htdocs/codeigniter/system/Router/Router.php(176): CodeIgniter\Router\Router->autoRoute('test')
#1 /opt/lampp/htdocs/codeigniter/system/CodeIgniter.php(718): CodeIgniter\Router\Router->handle('test')
#2 /opt/lampp/htdocs/codeigniter/system/CodeIgniter.php(359): CodeIgniter\CodeIgniter->tryToRouteIt(Object(CodeIgniter\Router\RouteCollection))
#3 /opt/lampp/htdocs/codeigniter/system/CodeIgniter.php(318): CodeIgniter\CodeIgniter->handleRequest(NULL, Object(Config\Cache), false)
#4 /opt/lampp/htdocs/codeigniter/public/index.php(37): CodeIgniter\CodeIgniter->run()
#5 {main}
CRITICAL - 2021-10-11 09:58:23 --> syntax error, unexpected variable "$request", expecting "function" or "const"
#0 /opt/lampp/htdocs/codeigniter/system/Autoloader/Autoloader.php(241): CodeIgniter\Autoloader\Autoloader->includeFile('/opt/lampp/htdo...')
#1 /opt/lampp/htdocs/codeigniter/system/Autoloader/Autoloader.php(219): CodeIgniter\Autoloader\Autoloader->loadInNamespace('App\\Controllers...')
#2 [internal function]: CodeIgniter\Autoloader\Autoloader->loadClass('App\\Controllers...')
#3 /opt/lampp/htdocs/codeigniter/system/CodeIgniter.php(789): class_exists('\\App\\Controller...', true)
#4 /opt/lampp/htdocs/codeigniter/system/CodeIgniter.php(397): CodeIgniter\CodeIgniter->startController()
#5 /opt/lampp/htdocs/codeigniter/system/CodeIgniter.php(318): CodeIgniter\CodeIgniter->handleRequest(NULL, Object(Config\Cache), false)
#6 /opt/lampp/htdocs/codeigniter/public/index.php(37): CodeIgniter\CodeIgniter->run()
#7 {main}
CRITICAL - 2021-10-11 09:58:41 --> syntax error, unexpected variable "$request", expecting "function" or "const"
#0 /opt/lampp/htdocs/codeigniter/system/Autoloader/Autoloader.php(241): CodeIgniter\Autoloader\Autoloader->includeFile('/opt/lampp/htdo...')
#1 /opt/lampp/htdocs/codeigniter/system/Autoloader/Autoloader.php(219): CodeIgniter\Autoloader\Autoloader->loadInNamespace('App\\Controllers...')
#2 [internal function]: CodeIgniter\Autoloader\Autoloader->loadClass('App\\Controllers...')
#3 /opt/lampp/htdocs/codeigniter/system/CodeIgniter.php(789): class_exists('\\App\\Controller...', true)
#4 /opt/lampp/htdocs/codeigniter/system/CodeIgniter.php(397): CodeIgniter\CodeIgniter->startController()
#5 /opt/lampp/htdocs/codeigniter/system/CodeIgniter.php(318): CodeIgniter\CodeIgniter->handleRequest(NULL, Object(Config\Cache), false)
#6 /opt/lampp/htdocs/codeigniter/public/index.php(37): CodeIgniter\CodeIgniter->run()
#7 {main}
CRITICAL - 2021-10-11 09:58:52 --> Class "BaseController" not found
#0 /opt/lampp/htdocs/codeigniter/system/Autoloader/Autoloader.php(264): include_once()
#1 /opt/lampp/htdocs/codeigniter/system/Autoloader/Autoloader.php(241): CodeIgniter\Autoloader\Autoloader->includeFile('/opt/lampp/htdo...')
#2 /opt/lampp/htdocs/codeigniter/system/Autoloader/Autoloader.php(219): CodeIgniter\Autoloader\Autoloader->loadInNamespace('App\\Controllers...')
#3 [internal function]: CodeIgniter\Autoloader\Autoloader->loadClass('App\\Controllers...')
#4 /opt/lampp/htdocs/codeigniter/system/CodeIgniter.php(789): class_exists('\\App\\Controller...', true)
#5 /opt/lampp/htdocs/codeigniter/system/CodeIgniter.php(397): CodeIgniter\CodeIgniter->startController()
#6 /opt/lampp/htdocs/codeigniter/system/CodeIgniter.php(318): CodeIgniter\CodeIgniter->handleRequest(NULL, Object(Config\Cache), false)
#7 /opt/lampp/htdocs/codeigniter/public/index.php(37): CodeIgniter\CodeIgniter->run()
#8 {main}
CRITICAL - 2021-10-11 09:59:45 --> Class "BaseController" not found
#0 /opt/lampp/htdocs/codeigniter/system/Autoloader/Autoloader.php(264): include_once()
#1 /opt/lampp/htdocs/codeigniter/system/Autoloader/Autoloader.php(241): CodeIgniter\Autoloader\Autoloader->includeFile('/opt/lampp/htdo...')
#2 /opt/lampp/htdocs/codeigniter/system/Autoloader/Autoloader.php(219): CodeIgniter\Autoloader\Autoloader->loadInNamespace('App\\Controllers...')
#3 [internal function]: CodeIgniter\Autoloader\Autoloader->loadClass('App\\Controllers...')
#4 /opt/lampp/htdocs/codeigniter/system/CodeIgniter.php(789): class_exists('\\App\\Controller...', true)
#5 /opt/lampp/htdocs/codeigniter/system/CodeIgniter.php(397): CodeIgniter\CodeIgniter->startController()
#6 /opt/lampp/htdocs/codeigniter/system/CodeIgniter.php(318): CodeIgniter\CodeIgniter->handleRequest(NULL, Object(Config\Cache), false)
#7 /opt/lampp/htdocs/codeigniter/public/index.php(37): CodeIgniter\CodeIgniter->run()
#8 {main}
CRITICAL - 2021-10-11 10:00:22 --> Class "BaseController" not found
#0 /opt/lampp/htdocs/codeigniter/system/Autoloader/Autoloader.php(264): include_once()
#1 /opt/lampp/htdocs/codeigniter/system/Autoloader/Autoloader.php(241): CodeIgniter\Autoloader\Autoloader->includeFile('/opt/lampp/htdo...')
#2 /opt/lampp/htdocs/codeigniter/system/Autoloader/Autoloader.php(219): CodeIgniter\Autoloader\Autoloader->loadInNamespace('App\\Controllers...')
#3 [internal function]: CodeIgniter\Autoloader\Autoloader->loadClass('App\\Controllers...')
#4 /opt/lampp/htdocs/codeigniter/system/CodeIgniter.php(789): class_exists('\\App\\Controller...', true)
#5 /opt/lampp/htdocs/codeigniter/system/CodeIgniter.php(397): CodeIgniter\CodeIgniter->startController()
#6 /opt/lampp/htdocs/codeigniter/system/CodeIgniter.php(318): CodeIgniter\CodeIgniter->handleRequest(NULL, Object(Config\Cache), false)
#7 /opt/lampp/htdocs/codeigniter/public/index.php(37): CodeIgniter\CodeIgniter->run()
#8 {main}
CRITICAL - 2021-10-11 10:00:29 --> Class "BaseController" not found
#0 /opt/lampp/htdocs/codeigniter/system/Autoloader/Autoloader.php(264): include_once()
#1 /opt/lampp/htdocs/codeigniter/system/Autoloader/Autoloader.php(241): CodeIgniter\Autoloader\Autoloader->includeFile('/opt/lampp/htdo...')
#2 /opt/lampp/htdocs/codeigniter/system/Autoloader/Autoloader.php(219): CodeIgniter\Autoloader\Autoloader->loadInNamespace('App\\Controllers...')
#3 [internal function]: CodeIgniter\Autoloader\Autoloader->loadClass('App\\Controllers...')
#4 /opt/lampp/htdocs/codeigniter/system/CodeIgniter.php(789): class_exists('\\App\\Controller...', true)
#5 /opt/lampp/htdocs/codeigniter/system/CodeIgniter.php(397): CodeIgniter\CodeIgniter->startController()
#6 /opt/lampp/htdocs/codeigniter/system/CodeIgniter.php(318): CodeIgniter\CodeIgniter->handleRequest(NULL, Object(Config\Cache), false)
#7 /opt/lampp/htdocs/codeigniter/public/index.php(37): CodeIgniter\CodeIgniter->run()
#8 {main}
CRITICAL - 2021-10-11 10:00:49 --> Class "BaseController" not found
#0 /opt/lampp/htdocs/codeigniter/system/Autoloader/Autoloader.php(264): include_once()
#1 /opt/lampp/htdocs/codeigniter/system/Autoloader/Autoloader.php(241): CodeIgniter\Autoloader\Autoloader->includeFile('/opt/lampp/htdo...')
#2 /opt/lampp/htdocs/codeigniter/system/Autoloader/Autoloader.php(219): CodeIgniter\Autoloader\Autoloader->loadInNamespace('App\\Controllers...')
#3 [internal function]: CodeIgniter\Autoloader\Autoloader->loadClass('App\\Controllers...')
#4 /opt/lampp/htdocs/codeigniter/system/CodeIgniter.php(789): class_exists('\\App\\Controller...', true)
#5 /opt/lampp/htdocs/codeigniter/system/CodeIgniter.php(397): CodeIgniter\CodeIgniter->startController()
#6 /opt/lampp/htdocs/codeigniter/system/CodeIgniter.php(318): CodeIgniter\CodeIgniter->handleRequest(NULL, Object(Config\Cache), false)
#7 /opt/lampp/htdocs/codeigniter/public/index.php(37): CodeIgniter\CodeIgniter->run()
#8 {main}
CRITICAL - 2021-10-11 10:00:59 --> Class "BaseController" not found
#0 /opt/lampp/htdocs/codeigniter/system/Autoloader/Autoloader.php(264): include_once()
#1 /opt/lampp/htdocs/codeigniter/system/Autoloader/Autoloader.php(241): CodeIgniter\Autoloader\Autoloader->includeFile('/opt/lampp/htdo...')
#2 /opt/lampp/htdocs/codeigniter/system/Autoloader/Autoloader.php(219): CodeIgniter\Autoloader\Autoloader->loadInNamespace('App\\Controllers...')
#3 [internal function]: CodeIgniter\Autoloader\Autoloader->loadClass('App\\Controllers...')
#4 /opt/lampp/htdocs/codeigniter/system/CodeIgniter.php(789): class_exists('\\App\\Controller...', true)
#5 /opt/lampp/htdocs/codeigniter/system/CodeIgniter.php(397): CodeIgniter\CodeIgniter->startController()
#6 /opt/lampp/htdocs/codeigniter/system/CodeIgniter.php(318): CodeIgniter\CodeIgniter->handleRequest(NULL, Object(Config\Cache), false)
#7 /opt/lampp/htdocs/codeigniter/public/index.php(37): CodeIgniter\CodeIgniter->run()
#8 {main}
CRITICAL - 2021-10-11 10:01:06 --> Class "BaseController" not found
#0 /opt/lampp/htdocs/codeigniter/system/Autoloader/Autoloader.php(264): include_once()
#1 /opt/lampp/htdocs/codeigniter/system/Autoloader/Autoloader.php(241): CodeIgniter\Autoloader\Autoloader->includeFile('/opt/lampp/htdo...')
#2 /opt/lampp/htdocs/codeigniter/system/Autoloader/Autoloader.php(219): CodeIgniter\Autoloader\Autoloader->loadInNamespace('App\\Controllers...')
#3 [internal function]: CodeIgniter\Autoloader\Autoloader->loadClass('App\\Controllers...')
#4 /opt/lampp/htdocs/codeigniter/system/CodeIgniter.php(789): class_exists('\\App\\Controller...', true)
#5 /opt/lampp/htdocs/codeigniter/system/CodeIgniter.php(397): CodeIgniter\CodeIgniter->startController()
#6 /opt/lampp/htdocs/codeigniter/system/CodeIgniter.php(318): CodeIgniter\CodeIgniter->handleRequest(NULL, Object(Config\Cache), false)
#7 /opt/lampp/htdocs/codeigniter/public/index.php(37): CodeIgniter\CodeIgniter->run()
#8 {main}
CRITICAL - 2021-10-11 10:01:19 --> Class "BaseController" not found
#0 /opt/lampp/htdocs/codeigniter/system/Autoloader/Autoloader.php(264): include_once()
#1 /opt/lampp/htdocs/codeigniter/system/Autoloader/Autoloader.php(241): CodeIgniter\Autoloader\Autoloader->includeFile('/opt/lampp/htdo...')
#2 /opt/lampp/htdocs/codeigniter/system/Autoloader/Autoloader.php(219): CodeIgniter\Autoloader\Autoloader->loadInNamespace('App\\Controllers...')
#3 [internal function]: CodeIgniter\Autoloader\Autoloader->loadClass('App\\Controllers...')
#4 /opt/lampp/htdocs/codeigniter/system/CodeIgniter.php(789): class_exists('\\App\\Controller...', true)
#5 /opt/lampp/htdocs/codeigniter/system/CodeIgniter.php(397): CodeIgniter\CodeIgniter->startController()
#6 /opt/lampp/htdocs/codeigniter/system/CodeIgniter.php(318): CodeIgniter\CodeIgniter->handleRequest(NULL, Object(Config\Cache), false)
#7 /opt/lampp/htdocs/codeigniter/public/index.php(37): CodeIgniter\CodeIgniter->run()
#8 {main}
CRITICAL - 2021-10-11 10:02:21 --> Class "BaseController" not found
#0 /opt/lampp/htdocs/codeigniter/system/Autoloader/Autoloader.php(264): include_once()
#1 /opt/lampp/htdocs/codeigniter/system/Autoloader/Autoloader.php(241): CodeIgniter\Autoloader\Autoloader->includeFile('/opt/lampp/htdo...')
#2 /opt/lampp/htdocs/codeigniter/system/Autoloader/Autoloader.php(219): CodeIgniter\Autoloader\Autoloader->loadInNamespace('App\\Controllers...')
#3 [internal function]: CodeIgniter\Autoloader\Autoloader->loadClass('App\\Controllers...')
#4 /opt/lampp/htdocs/codeigniter/system/CodeIgniter.php(789): class_exists('\\App\\Controller...', true)
#5 /opt/lampp/htdocs/codeigniter/system/CodeIgniter.php(397): CodeIgniter\CodeIgniter->startController()
#6 /opt/lampp/htdocs/codeigniter/system/CodeIgniter.php(318): CodeIgniter\CodeIgniter->handleRequest(NULL, Object(Config\Cache), false)
#7 /opt/lampp/htdocs/codeigniter/public/index.php(37): CodeIgniter\CodeIgniter->run()
#8 {main}
CRITICAL - 2021-10-11 10:03:38 --> Class "BaseController" not found
#0 /opt/lampp/htdocs/codeigniter/system/Autoloader/Autoloader.php(264): include_once()
#1 /opt/lampp/htdocs/codeigniter/system/Autoloader/Autoloader.php(241): CodeIgniter\Autoloader\Autoloader->includeFile('/opt/lampp/htdo...')
#2 /opt/lampp/htdocs/codeigniter/system/Autoloader/Autoloader.php(219): CodeIgniter\Autoloader\Autoloader->loadInNamespace('App\\Controllers...')
#3 [internal function]: CodeIgniter\Autoloader\Autoloader->loadClass('App\\Controllers...')
#4 /opt/lampp/htdocs/codeigniter/system/CodeIgniter.php(789): class_exists('\\App\\Controller...', true)
#5 /opt/lampp/htdocs/codeigniter/system/CodeIgniter.php(397): CodeIgniter\CodeIgniter->startController()
#6 /opt/lampp/htdocs/codeigniter/system/CodeIgniter.php(318): CodeIgniter\CodeIgniter->handleRequest(NULL, Object(Config\Cache), false)
#7 /opt/lampp/htdocs/codeigniter/public/index.php(37): CodeIgniter\CodeIgniter->run()
#8 {main}
CRITICAL - 2021-10-11 10:04:17 --> Class "BaseController" not found
#0 /opt/lampp/htdocs/codeigniter/system/Autoloader/Autoloader.php(264): include_once()
#1 /opt/lampp/htdocs/codeigniter/system/Autoloader/Autoloader.php(241): CodeIgniter\Autoloader\Autoloader->includeFile('/opt/lampp/htdo...')
#2 /opt/lampp/htdocs/codeigniter/system/Autoloader/Autoloader.php(219): CodeIgniter\Autoloader\Autoloader->loadInNamespace('App\\Controllers...')
#3 [internal function]: CodeIgniter\Autoloader\Autoloader->loadClass('App\\Controllers...')
#4 /opt/lampp/htdocs/codeigniter/system/CodeIgniter.php(789): class_exists('\\App\\Controller...', true)
#5 /opt/lampp/htdocs/codeigniter/system/CodeIgniter.php(397): CodeIgniter\CodeIgniter->startController()
#6 /opt/lampp/htdocs/codeigniter/system/CodeIgniter.php(318): CodeIgniter\CodeIgniter->handleRequest(NULL, Object(Config\Cache), false)
#7 /opt/lampp/htdocs/codeigniter/public/index.php(37): CodeIgniter\CodeIgniter->run()
#8 {main}
CRITICAL - 2021-10-11 10:07:08 --> syntax error, unexpected variable "$request", expecting "function" or "const"
#0 /opt/lampp/htdocs/codeigniter/system/Autoloader/Autoloader.php(241): CodeIgniter\Autoloader\Autoloader->includeFile('/opt/lampp/htdo...')
#1 /opt/lampp/htdocs/codeigniter/system/Autoloader/Autoloader.php(219): CodeIgniter\Autoloader\Autoloader->loadInNamespace('App\\Controllers...')
#2 [internal function]: CodeIgniter\Autoloader\Autoloader->loadClass('App\\Controllers...')
#3 /opt/lampp/htdocs/codeigniter/system/CodeIgniter.php(789): class_exists('\\App\\Controller...', true)
#4 /opt/lampp/htdocs/codeigniter/system/CodeIgniter.php(397): CodeIgniter\CodeIgniter->startController()
#5 /opt/lampp/htdocs/codeigniter/system/CodeIgniter.php(318): CodeIgniter\CodeIgniter->handleRequest(NULL, Object(Config\Cache), false)
#6 /opt/lampp/htdocs/codeigniter/public/index.php(37): CodeIgniter\CodeIgniter->run()
#7 {main}
CRITICAL - 2021-10-11 10:07:12 --> syntax error, unexpected variable "$request", expecting "function" or "const"
#0 /opt/lampp/htdocs/codeigniter/system/Router/Router.php(176): CodeIgniter\Router\Router->autoRoute('test')
#1 /opt/lampp/htdocs/codeigniter/system/CodeIgniter.php(718): CodeIgniter\Router\Router->handle('test')
#2 /opt/lampp/htdocs/codeigniter/system/CodeIgniter.php(359): CodeIgniter\CodeIgniter->tryToRouteIt(Object(CodeIgniter\Router\RouteCollection))
#3 /opt/lampp/htdocs/codeigniter/system/CodeIgniter.php(318): CodeIgniter\CodeIgniter->handleRequest(NULL, Object(Config\Cache), false)
#4 /opt/lampp/htdocs/codeigniter/public/index.php(37): CodeIgniter\CodeIgniter->run()
#5 {main}
CRITICAL - 2021-10-11 10:10:38 --> Class "BaseController" not found
#0 /opt/lampp/htdocs/codeigniter/system/Autoloader/Autoloader.php(264): include_once()
#1 /opt/lampp/htdocs/codeigniter/system/Autoloader/Autoloader.php(241): CodeIgniter\Autoloader\Autoloader->includeFile('/opt/lampp/htdo...')
#2 /opt/lampp/htdocs/codeigniter/system/Autoloader/Autoloader.php(219): CodeIgniter\Autoloader\Autoloader->loadInNamespace('App\\Controllers...')
#3 [internal function]: CodeIgniter\Autoloader\Autoloader->loadClass('App\\Controllers...')
#4 /opt/lampp/htdocs/codeigniter/system/CodeIgniter.php(789): class_exists('\\App\\Controller...', true)
#5 /opt/lampp/htdocs/codeigniter/system/CodeIgniter.php(397): CodeIgniter\CodeIgniter->startController()
#6 /opt/lampp/htdocs/codeigniter/system/CodeIgniter.php(318): CodeIgniter\CodeIgniter->handleRequest(NULL, Object(Config\Cache), false)
#7 /opt/lampp/htdocs/codeigniter/public/index.php(37): CodeIgniter\CodeIgniter->run()
#8 {main}
CRITICAL - 2021-10-11 10:11:11 --> Class "BaseController" not found
#0 /opt/lampp/htdocs/codeigniter/system/Autoloader/Autoloader.php(264): include_once()
#1 /opt/lampp/htdocs/codeigniter/system/Autoloader/Autoloader.php(241): CodeIgniter\Autoloader\Autoloader->includeFile('/opt/lampp/htdo...')
#2 /opt/lampp/htdocs/codeigniter/system/Autoloader/Autoloader.php(219): CodeIgniter\Autoloader\Autoloader->loadInNamespace('App\\Controllers...')
#3 [internal function]: CodeIgniter\Autoloader\Autoloader->loadClass('App\\Controllers...')
#4 /opt/lampp/htdocs/codeigniter/system/CodeIgniter.php(789): class_exists('\\App\\Controller...', true)
#5 /opt/lampp/htdocs/codeigniter/system/CodeIgniter.php(397): CodeIgniter\CodeIgniter->startController()
#6 /opt/lampp/htdocs/codeigniter/system/CodeIgniter.php(318): CodeIgniter\CodeIgniter->handleRequest(NULL, Object(Config\Cache), false)
#7 /opt/lampp/htdocs/codeigniter/public/index.php(37): CodeIgniter\CodeIgniter->run()
#8 {main}
CRITICAL - 2021-10-11 10:11:55 --> syntax error, unexpected variable "$request", expecting "function" or "const"
#0 /opt/lampp/htdocs/codeigniter/system/Autoloader/Autoloader.php(241): CodeIgniter\Autoloader\Autoloader->includeFile('/opt/lampp/htdo...')
#1 /opt/lampp/htdocs/codeigniter/system/Autoloader/Autoloader.php(219): CodeIgniter\Autoloader\Autoloader->loadInNamespace('App\\Controllers...')
#2 [internal function]: CodeIgniter\Autoloader\Autoloader->loadClass('App\\Controllers...')
#3 /opt/lampp/htdocs/codeigniter/system/CodeIgniter.php(789): class_exists('\\App\\Controller...', true)
#4 /opt/lampp/htdocs/codeigniter/system/CodeIgniter.php(397): CodeIgniter\CodeIgniter->startController()
#5 /opt/lampp/htdocs/codeigniter/system/CodeIgniter.php(318): CodeIgniter\CodeIgniter->handleRequest(NULL, Object(Config\Cache), false)
#6 /opt/lampp/htdocs/codeigniter/public/index.php(37): CodeIgniter\CodeIgniter->run()
#7 {main}
CRITICAL - 2021-10-11 10:12:28 --> syntax error, unexpected variable "$request", expecting "function" or "const"
#0 /opt/lampp/htdocs/codeigniter/system/Autoloader/Autoloader.php(241): CodeIgniter\Autoloader\Autoloader->includeFile('/opt/lampp/htdo...')
#1 /opt/lampp/htdocs/codeigniter/system/Autoloader/Autoloader.php(219): CodeIgniter\Autoloader\Autoloader->loadInNamespace('App\\Controllers...')
#2 [internal function]: CodeIgniter\Autoloader\Autoloader->loadClass('App\\Controllers...')
#3 /opt/lampp/htdocs/codeigniter/system/CodeIgniter.php(789): class_exists('\\App\\Controller...', true)
#4 /opt/lampp/htdocs/codeigniter/system/CodeIgniter.php(397): CodeIgniter\CodeIgniter->startController()
#5 /opt/lampp/htdocs/codeigniter/system/CodeIgniter.php(318): CodeIgniter\CodeIgniter->handleRequest(NULL, Object(Config\Cache), false)
#6 /opt/lampp/htdocs/codeigniter/public/index.php(37): CodeIgniter\CodeIgniter->run()
#7 {main}
CRITICAL - 2021-10-11 10:12:52 --> syntax error, unexpected variable "$request", expecting "function" or "const"
#0 /opt/lampp/htdocs/codeigniter/system/Autoloader/Autoloader.php(241): CodeIgniter\Autoloader\Autoloader->includeFile('/opt/lampp/htdo...')
#1 /opt/lampp/htdocs/codeigniter/system/Autoloader/Autoloader.php(219): CodeIgniter\Autoloader\Autoloader->loadInNamespace('App\\Controllers...')
#2 [internal function]: CodeIgniter\Autoloader\Autoloader->loadClass('App\\Controllers...')
#3 /opt/lampp/htdocs/codeigniter/system/CodeIgniter.php(789): class_exists('\\App\\Controller...', true)
#4 /opt/lampp/htdocs/codeigniter/system/CodeIgniter.php(397): CodeIgniter\CodeIgniter->startController()
#5 /opt/lampp/htdocs/codeigniter/system/CodeIgniter.php(318): CodeIgniter\CodeIgniter->handleRequest(NULL, Object(Config\Cache), false)
#6 /opt/lampp/htdocs/codeigniter/public/index.php(37): CodeIgniter\CodeIgniter->run()
#7 {main}
CRITICAL - 2021-10-11 10:14:26 --> syntax error, unexpected variable "$request", expecting "function" or "const"
#0 /opt/lampp/htdocs/codeigniter/system/Autoloader/Autoloader.php(241): CodeIgniter\Autoloader\Autoloader->includeFile('/opt/lampp/htdo...')
#1 /opt/lampp/htdocs/codeigniter/system/Autoloader/Autoloader.php(219): CodeIgniter\Autoloader\Autoloader->loadInNamespace('App\\Controllers...')
#2 [internal function]: CodeIgniter\Autoloader\Autoloader->loadClass('App\\Controllers...')
#3 /opt/lampp/htdocs/codeigniter/system/CodeIgniter.php(789): class_exists('\\App\\Controller...', true)
#4 /opt/lampp/htdocs/codeigniter/system/CodeIgniter.php(397): CodeIgniter\CodeIgniter->startController()
#5 /opt/lampp/htdocs/codeigniter/system/CodeIgniter.php(318): CodeIgniter\CodeIgniter->handleRequest(NULL, Object(Config\Cache), false)
#6 /opt/lampp/htdocs/codeigniter/public/index.php(37): CodeIgniter\CodeIgniter->run()
#7 {main}
CRITICAL - 2021-10-11 10:16:50 --> syntax error, unexpected variable "$request", expecting "function" or "const"
#0 /opt/lampp/htdocs/codeigniter/system/Autoloader/Autoloader.php(241): CodeIgniter\Autoloader\Autoloader->includeFile('/opt/lampp/htdo...')
#1 /opt/lampp/htdocs/codeigniter/system/Autoloader/Autoloader.php(219): CodeIgniter\Autoloader\Autoloader->loadInNamespace('App\\Controllers...')
#2 [internal function]: CodeIgniter\Autoloader\Autoloader->loadClass('App\\Controllers...')
#3 /opt/lampp/htdocs/codeigniter/system/CodeIgniter.php(789): class_exists('\\App\\Controller...', true)
#4 /opt/lampp/htdocs/codeigniter/system/CodeIgniter.php(397): CodeIgniter\CodeIgniter->startController()
#5 /opt/lampp/htdocs/codeigniter/system/CodeIgniter.php(318): CodeIgniter\CodeIgniter->handleRequest(NULL, Object(Config\Cache), false)
#6 /opt/lampp/htdocs/codeigniter/public/index.php(37): CodeIgniter\CodeIgniter->run()
#7 {main}
CRITICAL - 2021-10-11 10:17:45 --> syntax error, unexpected variable "$request", expecting "function" or "const"
#0 /opt/lampp/htdocs/codeigniter/system/Autoloader/Autoloader.php(241): CodeIgniter\Autoloader\Autoloader->includeFile('/opt/lampp/htdo...')
#1 /opt/lampp/htdocs/codeigniter/system/Autoloader/Autoloader.php(219): CodeIgniter\Autoloader\Autoloader->loadInNamespace('App\\Controllers...')
#2 [internal function]: CodeIgniter\Autoloader\Autoloader->loadClass('App\\Controllers...')
#3 /opt/lampp/htdocs/codeigniter/system/CodeIgniter.php(789): class_exists('\\App\\Controller...', true)
#4 /opt/lampp/htdocs/codeigniter/system/CodeIgniter.php(397): CodeIgniter\CodeIgniter->startController()
#5 /opt/lampp/htdocs/codeigniter/system/CodeIgniter.php(318): CodeIgniter\CodeIgniter->handleRequest(NULL, Object(Config\Cache), false)
#6 /opt/lampp/htdocs/codeigniter/public/index.php(37): CodeIgniter\CodeIgniter->run()
#7 {main}
CRITICAL - 2021-10-11 10:19:13 --> Class "BaseController" not found
#0 /opt/lampp/htdocs/codeigniter/system/Autoloader/Autoloader.php(264): include_once()
#1 /opt/lampp/htdocs/codeigniter/system/Autoloader/Autoloader.php(241): CodeIgniter\Autoloader\Autoloader->includeFile('/opt/lampp/htdo...')
#2 /opt/lampp/htdocs/codeigniter/system/Autoloader/Autoloader.php(219): CodeIgniter\Autoloader\Autoloader->loadInNamespace('App\\Controllers...')
#3 [internal function]: CodeIgniter\Autoloader\Autoloader->loadClass('App\\Controllers...')
#4 /opt/lampp/htdocs/codeigniter/system/CodeIgniter.php(789): class_exists('\\App\\Controller...', true)
#5 /opt/lampp/htdocs/codeigniter/system/CodeIgniter.php(397): CodeIgniter\CodeIgniter->startController()
#6 /opt/lampp/htdocs/codeigniter/system/CodeIgniter.php(318): CodeIgniter\CodeIgniter->handleRequest(NULL, Object(Config\Cache), false)
#7 /opt/lampp/htdocs/codeigniter/public/index.php(37): CodeIgniter\CodeIgniter->run()
#8 {main}
CRITICAL - 2021-10-11 10:21:24 --> Class "BaseController" not found
#0 /opt/lampp/htdocs/codeigniter/system/Autoloader/Autoloader.php(264): include_once()
#1 /opt/lampp/htdocs/codeigniter/system/Autoloader/Autoloader.php(241): CodeIgniter\Autoloader\Autoloader->includeFile('/opt/lampp/htdo...')
#2 /opt/lampp/htdocs/codeigniter/system/Autoloader/Autoloader.php(219): CodeIgniter\Autoloader\Autoloader->loadInNamespace('App\\Controllers...')
#3 [internal function]: CodeIgniter\Autoloader\Autoloader->loadClass('App\\Controllers...')
#4 /opt/lampp/htdocs/codeigniter/system/CodeIgniter.php(789): class_exists('\\App\\Controller...', true)
#5 /opt/lampp/htdocs/codeigniter/system/CodeIgniter.php(397): CodeIgniter\CodeIgniter->startController()
#6 /opt/lampp/htdocs/codeigniter/system/CodeIgniter.php(318): CodeIgniter\CodeIgniter->handleRequest(NULL, Object(Config\Cache), false)
#7 /opt/lampp/htdocs/codeigniter/public/index.php(37): CodeIgniter\CodeIgniter->run()
#8 {main}
CRITICAL - 2021-10-11 10:22:52 --> syntax error, unexpected variable "$request", expecting "function" or "const"
#0 /opt/lampp/htdocs/codeigniter/system/Autoloader/Autoloader.php(241): CodeIgniter\Autoloader\Autoloader->includeFile('/opt/lampp/htdo...')
#1 /opt/lampp/htdocs/codeigniter/system/Autoloader/Autoloader.php(219): CodeIgniter\Autoloader\Autoloader->loadInNamespace('App\\Controllers...')
#2 [internal function]: CodeIgniter\Autoloader\Autoloader->loadClass('App\\Controllers...')
#3 /opt/lampp/htdocs/codeigniter/system/CodeIgniter.php(789): class_exists('\\App\\Controller...', true)
#4 /opt/lampp/htdocs/codeigniter/system/CodeIgniter.php(397): CodeIgniter\CodeIgniter->startController()
#5 /opt/lampp/htdocs/codeigniter/system/CodeIgniter.php(318): CodeIgniter\CodeIgniter->handleRequest(NULL, Object(Config\Cache), false)
#6 /opt/lampp/htdocs/codeigniter/public/index.php(37): CodeIgniter\CodeIgniter->run()
#7 {main}
CRITICAL - 2021-10-11 10:23:25 --> syntax error, unexpected variable "$request"
#0 /opt/lampp/htdocs/codeigniter/system/Autoloader/Autoloader.php(241): CodeIgniter\Autoloader\Autoloader->includeFile('/opt/lampp/htdo...')
#1 /opt/lampp/htdocs/codeigniter/system/Autoloader/Autoloader.php(219): CodeIgniter\Autoloader\Autoloader->loadInNamespace('App\\Controllers...')
#2 [internal function]: CodeIgniter\Autoloader\Autoloader->loadClass('App\\Controllers...')
#3 /opt/lampp/htdocs/codeigniter/system/CodeIgniter.php(789): class_exists('\\App\\Controller...', true)
#4 /opt/lampp/htdocs/codeigniter/system/CodeIgniter.php(397): CodeIgniter\CodeIgniter->startController()
#5 /opt/lampp/htdocs/codeigniter/system/CodeIgniter.php(318): CodeIgniter\CodeIgniter->handleRequest(NULL, Object(Config\Cache), false)
#6 /opt/lampp/htdocs/codeigniter/public/index.php(37): CodeIgniter\CodeIgniter->run()
#7 {main}
CRITICAL - 2021-10-11 10:30:56 --> Invalid file: resposta.php
#0 /opt/lampp/htdocs/codeigniter/system/View/View.php(198): CodeIgniter\Exceptions\FrameworkException::forInvalidFile('resposta.php')
#1 /opt/lampp/htdocs/codeigniter/system/Common.php(1097): CodeIgniter\View\View->render('resposta', Array, true)
#2 /opt/lampp/htdocs/codeigniter/app/Controllers/Test.php(47): view('resposta', Array)
#3 /opt/lampp/htdocs/codeigniter/system/CodeIgniter.php(824): App\Controllers\Test->processarFormulario()
#4 /opt/lampp/htdocs/codeigniter/system/CodeIgniter.php(410): CodeIgniter\CodeIgniter->runController(Object(App\Controllers\Test))
#5 /opt/lampp/htdocs/codeigniter/system/CodeIgniter.php(318): CodeIgniter\CodeIgniter->handleRequest(NULL, Object(Config\Cache), false)
#6 /opt/lampp/htdocs/codeigniter/public/index.php(37): CodeIgniter\CodeIgniter->run()
#7 {main}
CRITICAL - 2021-10-11 10:42:39 --> Undefined property: App\Controllers\Test::$load
#0 /opt/lampp/htdocs/codeigniter/app/Controllers/Test.php(40): CodeIgniter\Debug\Exceptions->errorHandler(2, 'Undefined prope...', '/opt/lampp/htdo...', 40)
#1 /opt/lampp/htdocs/codeigniter/system/CodeIgniter.php(824): App\Controllers\Test->processarFormulario()
#2 /opt/lampp/htdocs/codeigniter/system/CodeIgniter.php(410): CodeIgniter\CodeIgniter->runController(Object(App\Controllers\Test))
#3 /opt/lampp/htdocs/codeigniter/system/CodeIgniter.php(318): CodeIgniter\CodeIgniter->handleRequest(NULL, Object(Config\Cache), false)
#4 /opt/lampp/htdocs/codeigniter/public/index.php(37): CodeIgniter\CodeIgniter->run()
#5 {main}
CRITICAL - 2021-10-11 10:43:48 --> syntax error, unexpected variable "$this", expecting "function" or "const"
#0 /opt/lampp/htdocs/codeigniter/system/Autoloader/Autoloader.php(241): CodeIgniter\Autoloader\Autoloader->includeFile('/opt/lampp/htdo...')
#1 /opt/lampp/htdocs/codeigniter/system/Autoloader/Autoloader.php(219): CodeIgniter\Autoloader\Autoloader->loadInNamespace('App\\Controllers...')
#2 [internal function]: CodeIgniter\Autoloader\Autoloader->loadClass('App\\Controllers...')
#3 /opt/lampp/htdocs/codeigniter/system/CodeIgniter.php(789): class_exists('\\App\\Controller...', true)
#4 /opt/lampp/htdocs/codeigniter/system/CodeIgniter.php(397): CodeIgniter\CodeIgniter->startController()
#5 /opt/lampp/htdocs/codeigniter/system/CodeIgniter.php(318): CodeIgniter\CodeIgniter->handleRequest(NULL, Object(Config\Cache), false)
#6 /opt/lampp/htdocs/codeigniter/public/index.php(37): CodeIgniter\CodeIgniter->run()
#7 {main}
CRITICAL - 2021-10-11 10:43:52 --> syntax error, unexpected variable "$this", expecting "function" or "const"
#0 /opt/lampp/htdocs/codeigniter/system/Autoloader/Autoloader.php(241): CodeIgniter\Autoloader\Autoloader->includeFile('/opt/lampp/htdo...')
#1 /opt/lampp/htdocs/codeigniter/system/Autoloader/Autoloader.php(219): CodeIgniter\Autoloader\Autoloader->loadInNamespace('App\\Controllers...')
#2 [internal function]: CodeIgniter\Autoloader\Autoloader->loadClass('App\\Controllers...')
#3 /opt/lampp/htdocs/codeigniter/system/CodeIgniter.php(789): class_exists('\\App\\Controller...', true)
#4 /opt/lampp/htdocs/codeigniter/system/CodeIgniter.php(397): CodeIgniter\CodeIgniter->startController()
#5 /opt/lampp/htdocs/codeigniter/system/CodeIgniter.php(318): CodeIgniter\CodeIgniter->handleRequest(NULL, Object(Config\Cache), false)
#6 /opt/lampp/htdocs/codeigniter/public/index.php(37): CodeIgniter\CodeIgniter->run()
#7 {main}
CRITICAL - 2021-10-11 10:44:39 --> Undefined property: App\Controllers\Test::$session
#0 /opt/lampp/htdocs/codeigniter/app/Controllers/Test.php(56): CodeIgniter\Debug\Exceptions->errorHandler(2, 'Undefined prope...', '/opt/lampp/htdo...', 56)
#1 /opt/lampp/htdocs/codeigniter/system/CodeIgniter.php(824): App\Controllers\Test->processarFormulario()
#2 /opt/lampp/htdocs/codeigniter/system/CodeIgniter.php(410): CodeIgniter\CodeIgniter->runController(Object(App\Controllers\Test))
#3 /opt/lampp/htdocs/codeigniter/system/CodeIgniter.php(318): CodeIgniter\CodeIgniter->handleRequest(NULL, Object(Config\Cache), false)
#4 /opt/lampp/htdocs/codeigniter/public/index.php(37): CodeIgniter\CodeIgniter->run()
#5 {main}
CRITICAL - 2021-10-11 10:45:15 --> Undefined variable $_SESSION
#0 /opt/lampp/htdocs/codeigniter/app/Controllers/Test.php(56): CodeIgniter\Debug\Exceptions->errorHandler(2, 'Undefined varia...', '/opt/lampp/htdo...', 56)
#1 /opt/lampp/htdocs/codeigniter/system/CodeIgniter.php(824): App\Controllers\Test->processarFormulario()
#2 /opt/lampp/htdocs/codeigniter/system/CodeIgniter.php(410): CodeIgniter\CodeIgniter->runController(Object(App\Controllers\Test))
#3 /opt/lampp/htdocs/codeigniter/system/CodeIgniter.php(318): CodeIgniter\CodeIgniter->handleRequest(NULL, Object(Config\Cache), false)
#4 /opt/lampp/htdocs/codeigniter/public/index.php(37): CodeIgniter\CodeIgniter->run()
#5 {main}
CRITICAL - 2021-10-11 10:50:08 --> array_push(): Argument #1 ($array) must be of type array, null given
#0 /opt/lampp/htdocs/codeigniter/app/Controllers/Test.php(51): array_push(NULL, 'Edgard Camelo')
#1 /opt/lampp/htdocs/codeigniter/system/CodeIgniter.php(824): App\Controllers\Test->processarFormulario()
#2 /opt/lampp/htdocs/codeigniter/system/CodeIgniter.php(410): CodeIgniter\CodeIgniter->runController(Object(App\Controllers\Test))
#3 /opt/lampp/htdocs/codeigniter/system/CodeIgniter.php(318): CodeIgniter\CodeIgniter->handleRequest(NULL, Object(Config\Cache), false)
#4 /opt/lampp/htdocs/codeigniter/public/index.php(37): CodeIgniter\CodeIgniter->run()
#5 {main}
CRITICAL - 2021-10-11 10:50:44 --> array_push(): Argument #1 ($array) must be of type array, null given
#0 /opt/lampp/htdocs/codeigniter/app/Controllers/Test.php(52): array_push(NULL, 'Edgard Camelo')
#1 /opt/lampp/htdocs/codeigniter/system/CodeIgniter.php(824): App\Controllers\Test->processarFormulario()
#2 /opt/lampp/htdocs/codeigniter/system/CodeIgniter.php(410): CodeIgniter\CodeIgniter->runController(Object(App\Controllers\Test))
#3 /opt/lampp/htdocs/codeigniter/system/CodeIgniter.php(318): CodeIgniter\CodeIgniter->handleRequest(NULL, Object(Config\Cache), false)
#4 /opt/lampp/htdocs/codeigniter/public/index.php(37): CodeIgniter\CodeIgniter->run()
#5 {main}
CRITICAL - 2021-10-11 10:51:07 --> syntax error, unexpected token "array"
#0 /opt/lampp/htdocs/codeigniter/system/Autoloader/Autoloader.php(241): CodeIgniter\Autoloader\Autoloader->includeFile('/opt/lampp/htdo...')
#1 /opt/lampp/htdocs/codeigniter/system/Autoloader/Autoloader.php(219): CodeIgniter\Autoloader\Autoloader->loadInNamespace('App\\Controllers...')
#2 [internal function]: CodeIgniter\Autoloader\Autoloader->loadClass('App\\Controllers...')
#3 /opt/lampp/htdocs/codeigniter/system/CodeIgniter.php(789): class_exists('\\App\\Controller...', true)
#4 /opt/lampp/htdocs/codeigniter/system/CodeIgniter.php(397): CodeIgniter\CodeIgniter->startController()
#5 /opt/lampp/htdocs/codeigniter/system/CodeIgniter.php(318): CodeIgniter\CodeIgniter->handleRequest(NULL, Object(Config\Cache), false)
#6 /opt/lampp/htdocs/codeigniter/public/index.php(37): CodeIgniter\CodeIgniter->run()
#7 {main}
CRITICAL - 2021-10-11 10:51:15 --> syntax error, unexpected token "array"
#0 /opt/lampp/htdocs/codeigniter/system/Autoloader/Autoloader.php(241): CodeIgniter\Autoloader\Autoloader->includeFile('/opt/lampp/htdo...')
#1 /opt/lampp/htdocs/codeigniter/system/Autoloader/Autoloader.php(219): CodeIgniter\Autoloader\Autoloader->loadInNamespace('App\\Controllers...')
#2 [internal function]: CodeIgniter\Autoloader\Autoloader->loadClass('App\\Controllers...')
#3 /opt/lampp/htdocs/codeigniter/system/CodeIgniter.php(789): class_exists('\\App\\Controller...', true)
#4 /opt/lampp/htdocs/codeigniter/system/CodeIgniter.php(397): CodeIgniter\CodeIgniter->startController()
#5 /opt/lampp/htdocs/codeigniter/system/CodeIgniter.php(318): CodeIgniter\CodeIgniter->handleRequest(NULL, Object(Config\Cache), false)
#6 /opt/lampp/htdocs/codeigniter/public/index.php(37): CodeIgniter\CodeIgniter->run()
#7 {main}
CRITICAL - 2021-10-11 10:51:57 --> array_push(): Argument #1 ($array) must be of type array, null given
#0 /opt/lampp/htdocs/codeigniter/app/Controllers/Test.php(52): array_push(NULL, 'Ronaldo Fen\xC3\xB4me...')
#1 /opt/lampp/htdocs/codeigniter/system/CodeIgniter.php(824): App\Controllers\Test->processarFormulario()
#2 /opt/lampp/htdocs/codeigniter/system/CodeIgniter.php(410): CodeIgniter\CodeIgniter->runController(Object(App\Controllers\Test))
#3 /opt/lampp/htdocs/codeigniter/system/CodeIgniter.php(318): CodeIgniter\CodeIgniter->handleRequest(NULL, Object(Config\Cache), false)
#4 /opt/lampp/htdocs/codeigniter/public/index.php(37): CodeIgniter\CodeIgniter->run()
#5 {main}
CRITICAL - 2021-10-11 10:52:32 --> array_push(): Argument #1 ($array) must be of type array, null given
#0 /opt/lampp/htdocs/codeigniter/app/Controllers/Test.php(52): array_push(NULL, 'Ronaldo Fen\xC3\xB4me...')
#1 /opt/lampp/htdocs/codeigniter/system/CodeIgniter.php(824): App\Controllers\Test->processarFormulario()
#2 /opt/lampp/htdocs/codeigniter/system/CodeIgniter.php(410): CodeIgniter\CodeIgniter->runController(Object(App\Controllers\Test))
#3 /opt/lampp/htdocs/codeigniter/system/CodeIgniter.php(318): CodeIgniter\CodeIgniter->handleRequest(NULL, Object(Config\Cache), false)
#4 /opt/lampp/htdocs/codeigniter/public/index.php(37): CodeIgniter\CodeIgniter->run()
#5 {main}
CRITICAL - 2021-10-11 10:53:51 --> Undefined property: App\Controllers\Test::$session
#0 /opt/lampp/htdocs/codeigniter/app/Controllers/Test.php(53): CodeIgniter\Debug\Exceptions->errorHandler(2, 'Undefined prope...', '/opt/lampp/htdo...', 53)
#1 /opt/lampp/htdocs/codeigniter/system/CodeIgniter.php(824): App\Controllers\Test->processarFormulario()
#2 /opt/lampp/htdocs/codeigniter/system/CodeIgniter.php(410): CodeIgniter\CodeIgniter->runController(Object(App\Controllers\Test))
#3 /opt/lampp/htdocs/codeigniter/system/CodeIgniter.php(318): CodeIgniter\CodeIgniter->handleRequest(NULL, Object(Config\Cache), false)
#4 /opt/lampp/htdocs/codeigniter/public/index.php(37): CodeIgniter\CodeIgniter->run()
#5 {main}
CRITICAL - 2021-10-11 10:54:19 --> Undefined variable $_SESSION
#0 /opt/lampp/htdocs/codeigniter/app/Controllers/Test.php(53): CodeIgniter\Debug\Exceptions->errorHandler(2, 'Undefined varia...', '/opt/lampp/htdo...', 53)
#1 /opt/lampp/htdocs/codeigniter/system/CodeIgniter.php(824): App\Controllers\Test->processarFormulario()
#2 /opt/lampp/htdocs/codeigniter/system/CodeIgniter.php(410): CodeIgniter\CodeIgniter->runController(Object(App\Controllers\Test))
#3 /opt/lampp/htdocs/codeigniter/system/CodeIgniter.php(318): CodeIgniter\CodeIgniter->handleRequest(NULL, Object(Config\Cache), false)
#4 /opt/lampp/htdocs/codeigniter/public/index.php(37): CodeIgniter\CodeIgniter->run()
#5 {main}
CRITICAL - 2021-10-11 10:55:17 --> Namespace declaration statement has to be the very first statement or after any declare call in the script
#0 [internal function]: CodeIgniter\Debug\Exceptions->shutdownHandler()
#1 {main}
CRITICAL - 2021-10-11 10:55:46 --> Undefined array key "nomes"
#0 /opt/lampp/htdocs/codeigniter/app/Controllers/Test.php(51): CodeIgniter\Debug\Exceptions->errorHandler(2, 'Undefined array...', '/opt/lampp/htdo...', 51)
#1 /opt/lampp/htdocs/codeigniter/system/CodeIgniter.php(824): App\Controllers\Test->processarFormulario()
#2 /opt/lampp/htdocs/codeigniter/system/CodeIgniter.php(410): CodeIgniter\CodeIgniter->runController(Object(App\Controllers\Test))
#3 /opt/lampp/htdocs/codeigniter/system/CodeIgniter.php(318): CodeIgniter\CodeIgniter->handleRequest(NULL, Object(Config\Cache), false)
#4 /opt/lampp/htdocs/codeigniter/public/index.php(37): CodeIgniter\CodeIgniter->run()
#5 {main}
CRITICAL - 2021-10-11 10:56:55 --> array_push(): Argument #1 ($array) must be of type array, null given
#0 /opt/lampp/htdocs/codeigniter/app/Controllers/Test.php(51): array_push(NULL, 'Ronaldo Fen\xC3\xB4me...')
#1 /opt/lampp/htdocs/codeigniter/system/CodeIgniter.php(824): App\Controllers\Test->processarFormulario()
#2 /opt/lampp/htdocs/codeigniter/system/CodeIgniter.php(410): CodeIgniter\CodeIgniter->runController(Object(App\Controllers\Test))
#3 /opt/lampp/htdocs/codeigniter/system/CodeIgniter.php(318): CodeIgniter\CodeIgniter->handleRequest(NULL, Object(Config\Cache), false)
#4 /opt/lampp/htdocs/codeigniter/public/index.php(37): CodeIgniter\CodeIgniter->run()
#5 {main}
CRITICAL - 2021-10-11 10:57:17 --> array_push(): Argument #1 ($array) must be of type array, null given
#0 /opt/lampp/htdocs/codeigniter/app/Controllers/Test.php(50): array_push(NULL, 'Ronaldo Fen\xC3\xB4me...')
#1 /opt/lampp/htdocs/codeigniter/system/CodeIgniter.php(824): App\Controllers\Test->processarFormulario()
#2 /opt/lampp/htdocs/codeigniter/system/CodeIgniter.php(410): CodeIgniter\CodeIgniter->runController(Object(App\Controllers\Test))
#3 /opt/lampp/htdocs/codeigniter/system/CodeIgniter.php(318): CodeIgniter\CodeIgniter->handleRequest(NULL, Object(Config\Cache), false)
#4 /opt/lampp/htdocs/codeigniter/public/index.php(37): CodeIgniter\CodeIgniter->run()
#5 {main}
CRITICAL - 2021-10-11 10:58:18 --> syntax error, unexpected token "}"
#0 /opt/lampp/htdocs/codeigniter/system/Autoloader/Autoloader.php(241): CodeIgniter\Autoloader\Autoloader->includeFile('/opt/lampp/htdo...')
#1 /opt/lampp/htdocs/codeigniter/system/Autoloader/Autoloader.php(219): CodeIgniter\Autoloader\Autoloader->loadInNamespace('App\\Controllers...')
#2 [internal function]: CodeIgniter\Autoloader\Autoloader->loadClass('App\\Controllers...')
#3 /opt/lampp/htdocs/codeigniter/system/CodeIgniter.php(789): class_exists('\\App\\Controller...', true)
#4 /opt/lampp/htdocs/codeigniter/system/CodeIgniter.php(397): CodeIgniter\CodeIgniter->startController()
#5 /opt/lampp/htdocs/codeigniter/system/CodeIgniter.php(318): CodeIgniter\CodeIgniter->handleRequest(NULL, Object(Config\Cache), false)
#6 /opt/lampp/htdocs/codeigniter/public/index.php(37): CodeIgniter\CodeIgniter->run()
#7 {main}
CRITICAL - 2021-10-11 10:58:29 --> syntax error, unexpected token "}"
#0 /opt/lampp/htdocs/codeigniter/system/Autoloader/Autoloader.php(241): CodeIgniter\Autoloader\Autoloader->includeFile('/opt/lampp/htdo...')
#1 /opt/lampp/htdocs/codeigniter/system/Autoloader/Autoloader.php(219): CodeIgniter\Autoloader\Autoloader->loadInNamespace('App\\Controllers...')
#2 [internal function]: CodeIgniter\Autoloader\Autoloader->loadClass('App\\Controllers...')
#3 /opt/lampp/htdocs/codeigniter/system/CodeIgniter.php(789): class_exists('\\App\\Controller...', true)
#4 /opt/lampp/htdocs/codeigniter/system/CodeIgniter.php(397): CodeIgniter\CodeIgniter->startController()
#5 /opt/lampp/htdocs/codeigniter/system/CodeIgniter.php(318): CodeIgniter\CodeIgniter->handleRequest(NULL, Object(Config\Cache), false)
#6 /opt/lampp/htdocs/codeigniter/public/index.php(37): CodeIgniter\CodeIgniter->run()
#7 {main}
CRITICAL - 2021-10-11 10:59:00 --> syntax error, unexpected token "public"
#0 /opt/lampp/htdocs/codeigniter/system/Autoloader/Autoloader.php(241): CodeIgniter\Autoloader\Autoloader->includeFile('/opt/lampp/htdo...')
#1 /opt/lampp/htdocs/codeigniter/system/Autoloader/Autoloader.php(219): CodeIgniter\Autoloader\Autoloader->loadInNamespace('App\\Controllers...')
#2 [internal function]: CodeIgniter\Autoloader\Autoloader->loadClass('App\\Controllers...')
#3 /opt/lampp/htdocs/codeigniter/system/CodeIgniter.php(789): class_exists('\\App\\Controller...', true)
#4 /opt/lampp/htdocs/codeigniter/system/CodeIgniter.php(397): CodeIgniter\CodeIgniter->startController()
#5 /opt/lampp/htdocs/codeigniter/system/CodeIgniter.php(318): CodeIgniter\CodeIgniter->handleRequest(NULL, Object(Config\Cache), false)
#6 /opt/lampp/htdocs/codeigniter/public/index.php(37): CodeIgniter\CodeIgniter->run()
#7 {main}
CRITICAL - 2021-10-11 10:59:13 --> Undefined array key "nomes"
#0 /opt/lampp/htdocs/codeigniter/app/Controllers/Test.php(52): CodeIgniter\Debug\Exceptions->errorHandler(2, 'Undefined array...', '/opt/lampp/htdo...', 52)
#1 /opt/lampp/htdocs/codeigniter/system/CodeIgniter.php(824): App\Controllers\Test->processarFormulario()
#2 /opt/lampp/htdocs/codeigniter/system/CodeIgniter.php(410): CodeIgniter\CodeIgniter->runController(Object(App\Controllers\Test))
#3 /opt/lampp/htdocs/codeigniter/system/CodeIgniter.php(318): CodeIgniter\CodeIgniter->handleRequest(NULL, Object(Config\Cache), false)
#4 /opt/lampp/htdocs/codeigniter/public/index.php(37): CodeIgniter\CodeIgniter->run()
#5 {main}
CRITICAL - 2021-10-11 10:59:42 --> Undefined array key "nomes"
#0 /opt/lampp/htdocs/codeigniter/app/Controllers/Test.php(52): CodeIgniter\Debug\Exceptions->errorHandler(2, 'Undefined array...', '/opt/lampp/htdo...', 52)
#1 /opt/lampp/htdocs/codeigniter/system/CodeIgniter.php(824): App\Controllers\Test->processarFormulario()
#2 /opt/lampp/htdocs/codeigniter/system/CodeIgniter.php(410): CodeIgniter\CodeIgniter->runController(Object(App\Controllers\Test))
#3 /opt/lampp/htdocs/codeigniter/system/CodeIgniter.php(318): CodeIgniter\CodeIgniter->handleRequest(NULL, Object(Config\Cache), false)
#4 /opt/lampp/htdocs/codeigniter/public/index.php(37): CodeIgniter\CodeIgniter->run()
#5 {main}
CRITICAL - 2021-10-11 11:00:34 --> Undefined variable $nomes
#0 /opt/lampp/htdocs/codeigniter/app/Controllers/Test.php(57): CodeIgniter\Debug\Exceptions->errorHandler(2, 'Undefined varia...', '/opt/lampp/htdo...', 57)
#1 /opt/lampp/htdocs/codeigniter/system/CodeIgniter.php(824): App\Controllers\Test->processarFormulario()
#2 /opt/lampp/htdocs/codeigniter/system/CodeIgniter.php(410): CodeIgniter\CodeIgniter->runController(Object(App\Controllers\Test))
#3 /opt/lampp/htdocs/codeigniter/system/CodeIgniter.php(318): CodeIgniter\CodeIgniter->handleRequest(NULL, Object(Config\Cache), false)
#4 /opt/lampp/htdocs/codeigniter/public/index.php(37): CodeIgniter\CodeIgniter->run()
#5 {main}
CRITICAL - 2021-10-11 11:05:29 --> Undefined variable $nomes
#0 /opt/lampp/htdocs/codeigniter/app/Controllers/Test.php(60): CodeIgniter\Debug\Exceptions->errorHandler(2, 'Undefined varia...', '/opt/lampp/htdo...', 60)
#1 /opt/lampp/htdocs/codeigniter/system/CodeIgniter.php(824): App\Controllers\Test->processarFormulario()
#2 /opt/lampp/htdocs/codeigniter/system/CodeIgniter.php(410): CodeIgniter\CodeIgniter->runController(Object(App\Controllers\Test))
#3 /opt/lampp/htdocs/codeigniter/system/CodeIgniter.php(318): CodeIgniter\CodeIgniter->handleRequest(NULL, Object(Config\Cache), false)
#4 /opt/lampp/htdocs/codeigniter/public/index.php(37): CodeIgniter\CodeIgniter->run()
#5 {main}
CRITICAL - 2021-10-11 11:05:46 --> Array to string conversion
#0 /opt/lampp/htdocs/codeigniter/app/Controllers/Test.php(56): CodeIgniter\Debug\Exceptions->errorHandler(2, 'Array to string...', '/opt/lampp/htdo...', 56)
#1 /opt/lampp/htdocs/codeigniter/system/CodeIgniter.php(824): App\Controllers\Test->processarFormulario()
#2 /opt/lampp/htdocs/codeigniter/system/CodeIgniter.php(410): CodeIgniter\CodeIgniter->runController(Object(App\Controllers\Test))
#3 /opt/lampp/htdocs/codeigniter/system/CodeIgniter.php(318): CodeIgniter\CodeIgniter->handleRequest(NULL, Object(Config\Cache), false)
#4 /opt/lampp/htdocs/codeigniter/public/index.php(37): CodeIgniter\CodeIgniter->run()
#5 {main}
CRITICAL - 2021-10-11 11:06:11 --> Undefined variable $nomes
#0 /opt/lampp/htdocs/codeigniter/app/Controllers/Test.php(59): CodeIgniter\Debug\Exceptions->errorHandler(2, 'Undefined varia...', '/opt/lampp/htdo...', 59)
#1 /opt/lampp/htdocs/codeigniter/system/CodeIgniter.php(824): App\Controllers\Test->processarFormulario()
#2 /opt/lampp/htdocs/codeigniter/system/CodeIgniter.php(410): CodeIgniter\CodeIgniter->runController(Object(App\Controllers\Test))
#3 /opt/lampp/htdocs/codeigniter/system/CodeIgniter.php(318): CodeIgniter\CodeIgniter->handleRequest(NULL, Object(Config\Cache), false)
#4 /opt/lampp/htdocs/codeigniter/public/index.php(37): CodeIgniter\CodeIgniter->run()
#5 {main}
CRITICAL - 2021-10-11 11:06:47 --> Undefined variable $data
#0 /opt/lampp/htdocs/codeigniter/app/Controllers/Test.php(64): CodeIgniter\Debug\Exceptions->errorHandler(2, 'Undefined varia...', '/opt/lampp/htdo...', 64)
#1 /opt/lampp/htdocs/codeigniter/system/CodeIgniter.php(824): App\Controllers\Test->processarFormulario()
#2 /opt/lampp/htdocs/codeigniter/system/CodeIgniter.php(410): CodeIgniter\CodeIgniter->runController(Object(App\Controllers\Test))
#3 /opt/lampp/htdocs/codeigniter/system/CodeIgniter.php(318): CodeIgniter\CodeIgniter->handleRequest(NULL, Object(Config\Cache), false)
#4 /opt/lampp/htdocs/codeigniter/public/index.php(37): CodeIgniter\CodeIgniter->run()
#5 {main}
CRITICAL - 2021-10-11 11:22:46 --> syntax error, unexpected token "}"
#0 /opt/lampp/htdocs/codeigniter/system/Autoloader/Autoloader.php(241): CodeIgniter\Autoloader\Autoloader->includeFile('/opt/lampp/htdo...')
#1 /opt/lampp/htdocs/codeigniter/system/Autoloader/Autoloader.php(219): CodeIgniter\Autoloader\Autoloader->loadInNamespace('App\\Controllers...')
#2 [internal function]: CodeIgniter\Autoloader\Autoloader->loadClass('App\\Controllers...')
#3 /opt/lampp/htdocs/codeigniter/system/CodeIgniter.php(789): class_exists('\\App\\Controller...', true)
#4 /opt/lampp/htdocs/codeigniter/system/CodeIgniter.php(397): CodeIgniter\CodeIgniter->startController()
#5 /opt/lampp/htdocs/codeigniter/system/CodeIgniter.php(318): CodeIgniter\CodeIgniter->handleRequest(NULL, Object(Config\Cache), false)
#6 /opt/lampp/htdocs/codeigniter/public/index.php(37): CodeIgniter\CodeIgniter->run()
#7 {main}
CRITICAL - 2021-10-11 11:23:12 --> Undefined variable $cookie_time
#0 /opt/lampp/htdocs/codeigniter/app/Controllers/Test.php(44): CodeIgniter\Debug\Exceptions->errorHandler(2, 'Undefined varia...', '/opt/lampp/htdo...', 44)
#1 /opt/lampp/htdocs/codeigniter/system/CodeIgniter.php(824): App\Controllers\Test->mostrarFormulario(1)
#2 /opt/lampp/htdocs/codeigniter/system/CodeIgniter.php(410): CodeIgniter\CodeIgniter->runController(Object(App\Controllers\Test))
#3 /opt/lampp/htdocs/codeigniter/system/CodeIgniter.php(318): CodeIgniter\CodeIgniter->handleRequest(NULL, Object(Config\Cache), false)
#4 /opt/lampp/htdocs/codeigniter/public/index.php(37): CodeIgniter\CodeIgniter->run()
#5 {main}
CRITICAL - 2021-10-11 11:23:55 --> foreach() argument must be of type array|object, string given
#0 /opt/lampp/htdocs/codeigniter/app/Views/resposta.php(12): CodeIgniter\Debug\Exceptions->errorHandler(2, 'foreach() argum...', '/opt/lampp/htdo...', 12)
#1 /opt/lampp/htdocs/codeigniter/system/View/View.php(214): include('/opt/lampp/htdo...')
#2 /opt/lampp/htdocs/codeigniter/system/View/View.php(217): CodeIgniter\View\View->CodeIgniter\View\{closure}()
#3 /opt/lampp/htdocs/codeigniter/system/Common.php(1097): CodeIgniter\View\View->render('resposta', Array, true)
#4 /opt/lampp/htdocs/codeigniter/app/Controllers/Test.php(71): view('resposta', Array)
#5 /opt/lampp/htdocs/codeigniter/system/CodeIgniter.php(824): App\Controllers\Test->processarFormulario()
#6 /opt/lampp/htdocs/codeigniter/system/CodeIgniter.php(410): CodeIgniter\CodeIgniter->runController(Object(App\Controllers\Test))
#7 /opt/lampp/htdocs/codeigniter/system/CodeIgniter.php(318): CodeIgniter\CodeIgniter->handleRequest(NULL, Object(Config\Cache), false)
#8 /opt/lampp/htdocs/codeigniter/public/index.php(37): CodeIgniter\CodeIgniter->run()
#9 {main}
CRITICAL - 2021-10-11 11:25:22 --> Undefined array key "nomes"
#0 /opt/lampp/htdocs/codeigniter/app/Controllers/Test.php(58): CodeIgniter\Debug\Exceptions->errorHandler(2, 'Undefined array...', '/opt/lampp/htdo...', 58)
#1 /opt/lampp/htdocs/codeigniter/system/CodeIgniter.php(824): App\Controllers\Test->processarFormulario()
#2 /opt/lampp/htdocs/codeigniter/system/CodeIgniter.php(410): CodeIgniter\CodeIgniter->runController(Object(App\Controllers\Test))
#3 /opt/lampp/htdocs/codeigniter/system/CodeIgniter.php(318): CodeIgniter\CodeIgniter->handleRequest(NULL, Object(Config\Cache), false)
#4 /opt/lampp/htdocs/codeigniter/public/index.php(37): CodeIgniter\CodeIgniter->run()
#5 {main}
CRITICAL - 2021-10-11 11:31:15 --> Undefined array key "values"
#0 /opt/lampp/htdocs/codeigniter/app/Controllers/Test.php(57): CodeIgniter\Debug\Exceptions->errorHandler(2, 'Undefined array...', '/opt/lampp/htdo...', 57)
#1 /opt/lampp/htdocs/codeigniter/system/CodeIgniter.php(824): App\Controllers\Test->processarFormulario()
#2 /opt/lampp/htdocs/codeigniter/system/CodeIgniter.php(410): CodeIgniter\CodeIgniter->runController(Object(App\Controllers\Test))
#3 /opt/lampp/htdocs/codeigniter/system/CodeIgniter.php(318): CodeIgniter\CodeIgniter->handleRequest(NULL, Object(Config\Cache), false)
#4 /opt/lampp/htdocs/codeigniter/public/index.php(37): CodeIgniter\CodeIgniter->run()
#5 {main}
