CRITICAL - 2021-10-12 07:23:40 -->  route cannot be found while reverse-routing.
#0 /opt/lampp/htdocs/codeigniter/system/HTTP/RedirectResponse.php(56): CodeIgniter\HTTP\Exceptions\HTTPException::forInvalidRedirectRoute('')
#1 /opt/lampp/htdocs/codeigniter/system/Common.php(840): CodeIgniter\HTTP\RedirectResponse->route(false)
#2 /opt/lampp/htdocs/codeigniter/app/Controllers/Test.php(32): redirect('/codeigniter/pu...')
#3 /opt/lampp/htdocs/codeigniter/system/CodeIgniter.php(824): App\Controllers\Test->mostrarFormulario(1)
#4 /opt/lampp/htdocs/codeigniter/system/CodeIgniter.php(410): CodeIgniter\CodeIgniter->runController(Object(App\Controllers\Test))
#5 /opt/lampp/htdocs/codeigniter/system/CodeIgniter.php(318): CodeIgniter\CodeIgniter->handleRequest(NULL, Object(Config\Cache), false)
#6 /opt/lampp/htdocs/codeigniter/public/index.php(37): CodeIgniter\CodeIgniter->run()
#7 {main}
CRITICAL - 2021-10-12 07:27:07 -->  route cannot be found while reverse-routing.
#0 /opt/lampp/htdocs/codeigniter/system/HTTP/RedirectResponse.php(56): CodeIgniter\HTTP\Exceptions\HTTPException::forInvalidRedirectRoute('')
#1 /opt/lampp/htdocs/codeigniter/app/Controllers/Test.php(32): CodeIgniter\HTTP\RedirectResponse->route(false)
#2 /opt/lampp/htdocs/codeigniter/system/CodeIgniter.php(824): App\Controllers\Test->mostrarFormulario(1)
#3 /opt/lampp/htdocs/codeigniter/system/CodeIgniter.php(410): CodeIgniter\CodeIgniter->runController(Object(App\Controllers\Test))
#4 /opt/lampp/htdocs/codeigniter/system/CodeIgniter.php(318): CodeIgniter\CodeIgniter->handleRequest(NULL, Object(Config\Cache), false)
#5 /opt/lampp/htdocs/codeigniter/public/index.php(37): CodeIgniter\CodeIgniter->run()
#6 {main}
CRITICAL - 2021-10-12 07:36:50 -->  route cannot be found while reverse-routing.
#0 /opt/lampp/htdocs/codeigniter/system/HTTP/RedirectResponse.php(56): CodeIgniter\HTTP\Exceptions\HTTPException::forInvalidRedirectRoute('')
#1 /opt/lampp/htdocs/codeigniter/system/Common.php(840): CodeIgniter\HTTP\RedirectResponse->route(false)
#2 /opt/lampp/htdocs/codeigniter/app/Controllers/Test.php(32): redirect('http://localhos...')
#3 /opt/lampp/htdocs/codeigniter/system/CodeIgniter.php(824): App\Controllers\Test->mostrarFormulario(1)
#4 /opt/lampp/htdocs/codeigniter/system/CodeIgniter.php(410): CodeIgniter\CodeIgniter->runController(Object(App\Controllers\Test))
#5 /opt/lampp/htdocs/codeigniter/system/CodeIgniter.php(318): CodeIgniter\CodeIgniter->handleRequest(NULL, Object(Config\Cache), false)
#6 /opt/lampp/htdocs/codeigniter/public/index.php(37): CodeIgniter\CodeIgniter->run()
#7 {main}
CRITICAL - 2021-10-12 07:37:03 -->  route cannot be found while reverse-routing.
#0 /opt/lampp/htdocs/codeigniter/system/HTTP/RedirectResponse.php(56): CodeIgniter\HTTP\Exceptions\HTTPException::forInvalidRedirectRoute('')
#1 /opt/lampp/htdocs/codeigniter/system/Common.php(840): CodeIgniter\HTTP\RedirectResponse->route(false)
#2 /opt/lampp/htdocs/codeigniter/app/Controllers/Test.php(32): redirect('codeigniter/pub...')
#3 /opt/lampp/htdocs/codeigniter/system/CodeIgniter.php(824): App\Controllers\Test->mostrarFormulario(1)
#4 /opt/lampp/htdocs/codeigniter/system/CodeIgniter.php(410): CodeIgniter\CodeIgniter->runController(Object(App\Controllers\Test))
#5 /opt/lampp/htdocs/codeigniter/system/CodeIgniter.php(318): CodeIgniter\CodeIgniter->handleRequest(NULL, Object(Config\Cache), false)
#6 /opt/lampp/htdocs/codeigniter/public/index.php(37): CodeIgniter\CodeIgniter->run()
#7 {main}
CRITICAL - 2021-10-12 07:37:11 -->  route cannot be found while reverse-routing.
#0 /opt/lampp/htdocs/codeigniter/system/HTTP/RedirectResponse.php(56): CodeIgniter\HTTP\Exceptions\HTTPException::forInvalidRedirectRoute('')
#1 /opt/lampp/htdocs/codeigniter/system/Common.php(840): CodeIgniter\HTTP\RedirectResponse->route(false)
#2 /opt/lampp/htdocs/codeigniter/app/Controllers/Test.php(32): redirect('create-file/arq...')
#3 /opt/lampp/htdocs/codeigniter/system/CodeIgniter.php(824): App\Controllers\Test->mostrarFormulario(1)
#4 /opt/lampp/htdocs/codeigniter/system/CodeIgniter.php(410): CodeIgniter\CodeIgniter->runController(Object(App\Controllers\Test))
#5 /opt/lampp/htdocs/codeigniter/system/CodeIgniter.php(318): CodeIgniter\CodeIgniter->handleRequest(NULL, Object(Config\Cache), false)
#6 /opt/lampp/htdocs/codeigniter/public/index.php(37): CodeIgniter\CodeIgniter->run()
#7 {main}
CRITICAL - 2021-10-12 07:41:17 --> Controller or its method is not found: FileHandling::index
#0 /opt/lampp/htdocs/codeigniter/system/Helpers/url_helper.php(535): CodeIgniter\Router\Exceptions\RouterException::forControllerNotFound('FileHandling', 'index')
#1 /opt/lampp/htdocs/codeigniter/app/Controllers/Test.php(32): url_to('FileHandling::i...')
#2 /opt/lampp/htdocs/codeigniter/system/CodeIgniter.php(824): App\Controllers\Test->mostrarFormulario(1)
#3 /opt/lampp/htdocs/codeigniter/system/CodeIgniter.php(410): CodeIgniter\CodeIgniter->runController(Object(App\Controllers\Test))
#4 /opt/lampp/htdocs/codeigniter/system/CodeIgniter.php(318): CodeIgniter\CodeIgniter->handleRequest(NULL, Object(Config\Cache), false)
#5 /opt/lampp/htdocs/codeigniter/public/index.php(37): CodeIgniter\CodeIgniter->run()
#6 {main}
CRITICAL - 2021-10-12 08:07:35 --> syntax error, unexpected token "public", expecting "," or ";"
#0 /opt/lampp/htdocs/codeigniter/system/Autoloader/Autoloader.php(241): CodeIgniter\Autoloader\Autoloader->includeFile('/opt/lampp/htdo...')
#1 /opt/lampp/htdocs/codeigniter/system/Autoloader/Autoloader.php(219): CodeIgniter\Autoloader\Autoloader->loadInNamespace('App\\Controllers...')
#2 [internal function]: CodeIgniter\Autoloader\Autoloader->loadClass('App\\Controllers...')
#3 /opt/lampp/htdocs/codeigniter/system/CodeIgniter.php(789): class_exists('\\App\\Controller...', true)
#4 /opt/lampp/htdocs/codeigniter/system/CodeIgniter.php(397): CodeIgniter\CodeIgniter->startController()
#5 /opt/lampp/htdocs/codeigniter/system/CodeIgniter.php(318): CodeIgniter\CodeIgniter->handleRequest(NULL, Object(Config\Cache), false)
#6 /opt/lampp/htdocs/codeigniter/public/index.php(37): CodeIgniter\CodeIgniter->run()
#7 {main}
CRITICAL - 2021-10-12 08:08:29 --> Undefined variable $base
#0 /opt/lampp/htdocs/codeigniter/app/Controllers/FileHandling.php(20): CodeIgniter\Debug\Exceptions->errorHandler(2, 'Undefined varia...', '/opt/lampp/htdo...', 20)
#1 /opt/lampp/htdocs/codeigniter/system/CodeIgniter.php(824): App\Controllers\FileHandling->create('John Kennedy', 'arquivo')
#2 /opt/lampp/htdocs/codeigniter/system/CodeIgniter.php(410): CodeIgniter\CodeIgniter->runController(Object(App\Controllers\FileHandling))
#3 /opt/lampp/htdocs/codeigniter/system/CodeIgniter.php(318): CodeIgniter\CodeIgniter->handleRequest(NULL, Object(Config\Cache), false)
#4 /opt/lampp/htdocs/codeigniter/public/index.php(37): CodeIgniter\CodeIgniter->run()
#5 {main}
CRITICAL - 2021-10-12 08:27:34 --> Cannot access offset of type string on string
#0 /opt/lampp/htdocs/codeigniter/system/CodeIgniter.php(824): App\Controllers\Test->verDados()
#1 /opt/lampp/htdocs/codeigniter/system/CodeIgniter.php(410): CodeIgniter\CodeIgniter->runController(Object(App\Controllers\Test))
#2 /opt/lampp/htdocs/codeigniter/system/CodeIgniter.php(318): CodeIgniter\CodeIgniter->handleRequest(NULL, Object(Config\Cache), false)
#3 /opt/lampp/htdocs/codeigniter/public/index.php(37): CodeIgniter\CodeIgniter->run()
#4 {main}
CRITICAL - 2021-10-12 08:28:24 --> Cannot access offset of type string on string
#0 /opt/lampp/htdocs/codeigniter/system/CodeIgniter.php(824): App\Controllers\Test->verDados()
#1 /opt/lampp/htdocs/codeigniter/system/CodeIgniter.php(410): CodeIgniter\CodeIgniter->runController(Object(App\Controllers\Test))
#2 /opt/lampp/htdocs/codeigniter/system/CodeIgniter.php(318): CodeIgniter\CodeIgniter->handleRequest(NULL, Object(Config\Cache), false)
#3 /opt/lampp/htdocs/codeigniter/public/index.php(37): CodeIgniter\CodeIgniter->run()
#4 {main}
CRITICAL - 2021-10-12 08:28:42 --> Cannot access offset of type string on string
#0 /opt/lampp/htdocs/codeigniter/system/CodeIgniter.php(824): App\Controllers\Test->verDados()
#1 /opt/lampp/htdocs/codeigniter/system/CodeIgniter.php(410): CodeIgniter\CodeIgniter->runController(Object(App\Controllers\Test))
#2 /opt/lampp/htdocs/codeigniter/system/CodeIgniter.php(318): CodeIgniter\CodeIgniter->handleRequest(NULL, Object(Config\Cache), false)
#3 /opt/lampp/htdocs/codeigniter/public/index.php(37): CodeIgniter\CodeIgniter->run()
#4 {main}
CRITICAL - 2021-10-12 08:29:20 --> Cannot access offset of type string on string
#0 /opt/lampp/htdocs/codeigniter/system/CodeIgniter.php(824): App\Controllers\Test->verDados()
#1 /opt/lampp/htdocs/codeigniter/system/CodeIgniter.php(410): CodeIgniter\CodeIgniter->runController(Object(App\Controllers\Test))
#2 /opt/lampp/htdocs/codeigniter/system/CodeIgniter.php(318): CodeIgniter\CodeIgniter->handleRequest(NULL, Object(Config\Cache), false)
#3 /opt/lampp/htdocs/codeigniter/public/index.php(37): CodeIgniter\CodeIgniter->run()
#4 {main}
CRITICAL - 2021-10-12 08:29:52 --> Cannot access offset of type string on string
#0 /opt/lampp/htdocs/codeigniter/system/CodeIgniter.php(824): App\Controllers\Test->verDados()
#1 /opt/lampp/htdocs/codeigniter/system/CodeIgniter.php(410): CodeIgniter\CodeIgniter->runController(Object(App\Controllers\Test))
#2 /opt/lampp/htdocs/codeigniter/system/CodeIgniter.php(318): CodeIgniter\CodeIgniter->handleRequest(NULL, Object(Config\Cache), false)
#3 /opt/lampp/htdocs/codeigniter/public/index.php(37): CodeIgniter\CodeIgniter->run()
#4 {main}
CRITICAL - 2021-10-12 08:30:35 --> Cannot access offset of type string on string
#0 /opt/lampp/htdocs/codeigniter/system/CodeIgniter.php(824): App\Controllers\Test->verDados()
#1 /opt/lampp/htdocs/codeigniter/system/CodeIgniter.php(410): CodeIgniter\CodeIgniter->runController(Object(App\Controllers\Test))
#2 /opt/lampp/htdocs/codeigniter/system/CodeIgniter.php(318): CodeIgniter\CodeIgniter->handleRequest(NULL, Object(Config\Cache), false)
#3 /opt/lampp/htdocs/codeigniter/public/index.php(37): CodeIgniter\CodeIgniter->run()
#4 {main}
CRITICAL - 2021-10-12 08:35:25 --> Cannot access offset of type string on string
#0 /opt/lampp/htdocs/codeigniter/system/CodeIgniter.php(824): App\Controllers\Test->verDados('2')
#1 /opt/lampp/htdocs/codeigniter/system/CodeIgniter.php(410): CodeIgniter\CodeIgniter->runController(Object(App\Controllers\Test))
#2 /opt/lampp/htdocs/codeigniter/system/CodeIgniter.php(318): CodeIgniter\CodeIgniter->handleRequest(NULL, Object(Config\Cache), false)
#3 /opt/lampp/htdocs/codeigniter/public/index.php(37): CodeIgniter\CodeIgniter->run()
#4 {main}
CRITICAL - 2021-10-12 08:36:02 --> Cannot access offset of type string on string
#0 /opt/lampp/htdocs/codeigniter/system/CodeIgniter.php(824): App\Controllers\Test->verDados('2')
#1 /opt/lampp/htdocs/codeigniter/system/CodeIgniter.php(410): CodeIgniter\CodeIgniter->runController(Object(App\Controllers\Test))
#2 /opt/lampp/htdocs/codeigniter/system/CodeIgniter.php(318): CodeIgniter\CodeIgniter->handleRequest(NULL, Object(Config\Cache), false)
#3 /opt/lampp/htdocs/codeigniter/public/index.php(37): CodeIgniter\CodeIgniter->run()
#4 {main}
CRITICAL - 2021-10-12 08:37:35 --> Cannot access offset of type string on string
#0 /opt/lampp/htdocs/codeigniter/system/CodeIgniter.php(824): App\Controllers\Test->verDados('2')
#1 /opt/lampp/htdocs/codeigniter/system/CodeIgniter.php(410): CodeIgniter\CodeIgniter->runController(Object(App\Controllers\Test))
#2 /opt/lampp/htdocs/codeigniter/system/CodeIgniter.php(318): CodeIgniter\CodeIgniter->handleRequest(NULL, Object(Config\Cache), false)
#3 /opt/lampp/htdocs/codeigniter/public/index.php(37): CodeIgniter\CodeIgniter->run()
#4 {main}
CRITICAL - 2021-10-12 08:37:59 --> Cannot access offset of type string on string
#0 /opt/lampp/htdocs/codeigniter/system/CodeIgniter.php(824): App\Controllers\Test->verDados('2')
#1 /opt/lampp/htdocs/codeigniter/system/CodeIgniter.php(410): CodeIgniter\CodeIgniter->runController(Object(App\Controllers\Test))
#2 /opt/lampp/htdocs/codeigniter/system/CodeIgniter.php(318): CodeIgniter\CodeIgniter->handleRequest(NULL, Object(Config\Cache), false)
#3 /opt/lampp/htdocs/codeigniter/public/index.php(37): CodeIgniter\CodeIgniter->run()
#4 {main}
CRITICAL - 2021-10-12 08:38:21 --> Cannot access offset of type string on string
#0 /opt/lampp/htdocs/codeigniter/system/CodeIgniter.php(824): App\Controllers\Test->verDados('2')
#1 /opt/lampp/htdocs/codeigniter/system/CodeIgniter.php(410): CodeIgniter\CodeIgniter->runController(Object(App\Controllers\Test))
#2 /opt/lampp/htdocs/codeigniter/system/CodeIgniter.php(318): CodeIgniter\CodeIgniter->handleRequest(NULL, Object(Config\Cache), false)
#3 /opt/lampp/htdocs/codeigniter/public/index.php(37): CodeIgniter\CodeIgniter->run()
#4 {main}
CRITICAL - 2021-10-12 08:38:35 --> Cannot access offset of type string on string
#0 /opt/lampp/htdocs/codeigniter/system/CodeIgniter.php(824): App\Controllers\Test->verDados('2')
#1 /opt/lampp/htdocs/codeigniter/system/CodeIgniter.php(410): CodeIgniter\CodeIgniter->runController(Object(App\Controllers\Test))
#2 /opt/lampp/htdocs/codeigniter/system/CodeIgniter.php(318): CodeIgniter\CodeIgniter->handleRequest(NULL, Object(Config\Cache), false)
#3 /opt/lampp/htdocs/codeigniter/public/index.php(37): CodeIgniter\CodeIgniter->run()
#4 {main}
CRITICAL - 2021-10-12 08:39:09 --> Cannot access offset of type string on string
#0 /opt/lampp/htdocs/codeigniter/system/CodeIgniter.php(824): App\Controllers\Test->verDados('2')
#1 /opt/lampp/htdocs/codeigniter/system/CodeIgniter.php(410): CodeIgniter\CodeIgniter->runController(Object(App\Controllers\Test))
#2 /opt/lampp/htdocs/codeigniter/system/CodeIgniter.php(318): CodeIgniter\CodeIgniter->handleRequest(NULL, Object(Config\Cache), false)
#3 /opt/lampp/htdocs/codeigniter/public/index.php(37): CodeIgniter\CodeIgniter->run()
#4 {main}
CRITICAL - 2021-10-12 08:39:20 --> Cannot access offset of type string on string
#0 /opt/lampp/htdocs/codeigniter/system/CodeIgniter.php(824): App\Controllers\Test->verDados('2')
#1 /opt/lampp/htdocs/codeigniter/system/CodeIgniter.php(410): CodeIgniter\CodeIgniter->runController(Object(App\Controllers\Test))
#2 /opt/lampp/htdocs/codeigniter/system/CodeIgniter.php(318): CodeIgniter\CodeIgniter->handleRequest(NULL, Object(Config\Cache), false)
#3 /opt/lampp/htdocs/codeigniter/public/index.php(37): CodeIgniter\CodeIgniter->run()
#4 {main}
CRITICAL - 2021-10-12 08:43:13 --> syntax error, unexpected identifier "fread"
#0 /opt/lampp/htdocs/codeigniter/system/Autoloader/Autoloader.php(241): CodeIgniter\Autoloader\Autoloader->includeFile('/opt/lampp/htdo...')
#1 /opt/lampp/htdocs/codeigniter/system/Autoloader/Autoloader.php(219): CodeIgniter\Autoloader\Autoloader->loadInNamespace('App\\Controllers...')
#2 [internal function]: CodeIgniter\Autoloader\Autoloader->loadClass('App\\Controllers...')
#3 /opt/lampp/htdocs/codeigniter/system/CodeIgniter.php(789): class_exists('\\App\\Controller...', true)
#4 /opt/lampp/htdocs/codeigniter/system/CodeIgniter.php(397): CodeIgniter\CodeIgniter->startController()
#5 /opt/lampp/htdocs/codeigniter/system/CodeIgniter.php(318): CodeIgniter\CodeIgniter->handleRequest(NULL, Object(Config\Cache), false)
#6 /opt/lampp/htdocs/codeigniter/public/index.php(37): CodeIgniter\CodeIgniter->run()
#7 {main}
CRITICAL - 2021-10-12 08:47:00 --> Cannot access offset of type string on string
#0 /opt/lampp/htdocs/codeigniter/system/CodeIgniter.php(824): App\Controllers\Test->verDados('2')
#1 /opt/lampp/htdocs/codeigniter/system/CodeIgniter.php(410): CodeIgniter\CodeIgniter->runController(Object(App\Controllers\Test))
#2 /opt/lampp/htdocs/codeigniter/system/CodeIgniter.php(318): CodeIgniter\CodeIgniter->handleRequest(NULL, Object(Config\Cache), false)
#3 /opt/lampp/htdocs/codeigniter/public/index.php(37): CodeIgniter\CodeIgniter->run()
#4 {main}
CRITICAL - 2021-10-12 08:47:25 --> Cannot access offset of type string on string
#0 /opt/lampp/htdocs/codeigniter/system/CodeIgniter.php(824): App\Controllers\Test->verDados('2')
#1 /opt/lampp/htdocs/codeigniter/system/CodeIgniter.php(410): CodeIgniter\CodeIgniter->runController(Object(App\Controllers\Test))
#2 /opt/lampp/htdocs/codeigniter/system/CodeIgniter.php(318): CodeIgniter\CodeIgniter->handleRequest(NULL, Object(Config\Cache), false)
#3 /opt/lampp/htdocs/codeigniter/public/index.php(37): CodeIgniter\CodeIgniter->run()
#4 {main}
CRITICAL - 2021-10-12 08:47:27 --> Cannot access offset of type string on string
#0 /opt/lampp/htdocs/codeigniter/system/CodeIgniter.php(824): App\Controllers\Test->verDados('2')
#1 /opt/lampp/htdocs/codeigniter/system/CodeIgniter.php(410): CodeIgniter\CodeIgniter->runController(Object(App\Controllers\Test))
#2 /opt/lampp/htdocs/codeigniter/system/CodeIgniter.php(318): CodeIgniter\CodeIgniter->handleRequest(NULL, Object(Config\Cache), false)
#3 /opt/lampp/htdocs/codeigniter/public/index.php(37): CodeIgniter\CodeIgniter->run()
#4 {main}
CRITICAL - 2021-10-12 08:48:45 --> Undefined array key "data"
#0 /opt/lampp/htdocs/codeigniter/app/Controllers/Test.php(59): CodeIgniter\Debug\Exceptions->errorHandler(2, 'Undefined array...', '/opt/lampp/htdo...', 59)
#1 /opt/lampp/htdocs/codeigniter/system/CodeIgniter.php(824): App\Controllers\Test->verDados('2')
#2 /opt/lampp/htdocs/codeigniter/system/CodeIgniter.php(410): CodeIgniter\CodeIgniter->runController(Object(App\Controllers\Test))
#3 /opt/lampp/htdocs/codeigniter/system/CodeIgniter.php(318): CodeIgniter\CodeIgniter->handleRequest(NULL, Object(Config\Cache), false)
#4 /opt/lampp/htdocs/codeigniter/public/index.php(37): CodeIgniter\CodeIgniter->run()
#5 {main}
CRITICAL - 2021-10-12 08:49:00 --> Undefined array key "data"
#0 /opt/lampp/htdocs/codeigniter/app/Controllers/Test.php(59): CodeIgniter\Debug\Exceptions->errorHandler(2, 'Undefined array...', '/opt/lampp/htdo...', 59)
#1 /opt/lampp/htdocs/codeigniter/system/CodeIgniter.php(824): App\Controllers\Test->verDados('2')
#2 /opt/lampp/htdocs/codeigniter/system/CodeIgniter.php(410): CodeIgniter\CodeIgniter->runController(Object(App\Controllers\Test))
#3 /opt/lampp/htdocs/codeigniter/system/CodeIgniter.php(318): CodeIgniter\CodeIgniter->handleRequest(NULL, Object(Config\Cache), false)
#4 /opt/lampp/htdocs/codeigniter/public/index.php(37): CodeIgniter\CodeIgniter->run()
#5 {main}
CRITICAL - 2021-10-12 08:49:13 --> Undefined array key "data"
#0 /opt/lampp/htdocs/codeigniter/app/Controllers/Test.php(59): CodeIgniter\Debug\Exceptions->errorHandler(2, 'Undefined array...', '/opt/lampp/htdo...', 59)
#1 /opt/lampp/htdocs/codeigniter/system/CodeIgniter.php(824): App\Controllers\Test->verDados('2')
#2 /opt/lampp/htdocs/codeigniter/system/CodeIgniter.php(410): CodeIgniter\CodeIgniter->runController(Object(App\Controllers\Test))
#3 /opt/lampp/htdocs/codeigniter/system/CodeIgniter.php(318): CodeIgniter\CodeIgniter->handleRequest(NULL, Object(Config\Cache), false)
#4 /opt/lampp/htdocs/codeigniter/public/index.php(37): CodeIgniter\CodeIgniter->run()
#5 {main}
CRITICAL - 2021-10-12 08:52:29 --> fread(): Argument #2 ($length) must be greater than 0
#0 /opt/lampp/htdocs/codeigniter/app/Controllers/FileHandling.php(39): fread(Resource id #89, 0)
#1 /opt/lampp/htdocs/codeigniter/system/CodeIgniter.php(824): App\Controllers\FileHandling->read('arquivo')
#2 /opt/lampp/htdocs/codeigniter/system/CodeIgniter.php(410): CodeIgniter\CodeIgniter->runController(Object(App\Controllers\FileHandling))
#3 /opt/lampp/htdocs/codeigniter/system/CodeIgniter.php(318): CodeIgniter\CodeIgniter->handleRequest(NULL, Object(Config\Cache), false)
#4 /opt/lampp/htdocs/codeigniter/public/index.php(37): CodeIgniter\CodeIgniter->run()
#5 {main}
CRITICAL - 2021-10-12 09:05:16 --> Undefined array key "data"
#0 /opt/lampp/htdocs/codeigniter/app/Controllers/Test.php(59): CodeIgniter\Debug\Exceptions->errorHandler(2, 'Undefined array...', '/opt/lampp/htdo...', 59)
#1 /opt/lampp/htdocs/codeigniter/system/CodeIgniter.php(824): App\Controllers\Test->verDados('2')
#2 /opt/lampp/htdocs/codeigniter/system/CodeIgniter.php(410): CodeIgniter\CodeIgniter->runController(Object(App\Controllers\Test))
#3 /opt/lampp/htdocs/codeigniter/system/CodeIgniter.php(318): CodeIgniter\CodeIgniter->handleRequest(NULL, Object(Config\Cache), false)
#4 /opt/lampp/htdocs/codeigniter/public/index.php(37): CodeIgniter\CodeIgniter->run()
#5 {main}
CRITICAL - 2021-10-12 09:05:26 --> Undefined array key "data"
#0 /opt/lampp/htdocs/codeigniter/app/Controllers/Test.php(59): CodeIgniter\Debug\Exceptions->errorHandler(2, 'Undefined array...', '/opt/lampp/htdo...', 59)
#1 /opt/lampp/htdocs/codeigniter/system/CodeIgniter.php(824): App\Controllers\Test->verDados('2')
#2 /opt/lampp/htdocs/codeigniter/system/CodeIgniter.php(410): CodeIgniter\CodeIgniter->runController(Object(App\Controllers\Test))
#3 /opt/lampp/htdocs/codeigniter/system/CodeIgniter.php(318): CodeIgniter\CodeIgniter->handleRequest(NULL, Object(Config\Cache), false)
#4 /opt/lampp/htdocs/codeigniter/public/index.php(37): CodeIgniter\CodeIgniter->run()
#5 {main}
CRITICAL - 2021-10-12 10:33:43 --> syntax error, unexpected token "foreach"
#0 /opt/lampp/htdocs/codeigniter/system/View/View.php(217): CodeIgniter\View\View->CodeIgniter\View\{closure}()
#1 /opt/lampp/htdocs/codeigniter/system/Common.php(1097): CodeIgniter\View\View->render('formulario', Array, true)
#2 /opt/lampp/htdocs/codeigniter/app/Controllers/FormValidation.php(8): view('formulario')
#3 /opt/lampp/htdocs/codeigniter/system/CodeIgniter.php(824): App\Controllers\FormValidation->index()
#4 /opt/lampp/htdocs/codeigniter/system/CodeIgniter.php(410): CodeIgniter\CodeIgniter->runController(Object(App\Controllers\FormValidation))
#5 /opt/lampp/htdocs/codeigniter/system/CodeIgniter.php(318): CodeIgniter\CodeIgniter->handleRequest(NULL, Object(Config\Cache), false)
#6 /opt/lampp/htdocs/codeigniter/public/index.php(37): CodeIgniter\CodeIgniter->run()
#7 {main}
CRITICAL - 2021-10-12 10:37:06 --> Call to undefined function App\Controllers\strlength()
#0 /opt/lampp/htdocs/codeigniter/system/CodeIgniter.php(824): App\Controllers\FormValidation->validatePhone()
#1 /opt/lampp/htdocs/codeigniter/system/CodeIgniter.php(410): CodeIgniter\CodeIgniter->runController(Object(App\Controllers\FormValidation))
#2 /opt/lampp/htdocs/codeigniter/system/CodeIgniter.php(318): CodeIgniter\CodeIgniter->handleRequest(NULL, Object(Config\Cache), false)
#3 /opt/lampp/htdocs/codeigniter/public/index.php(37): CodeIgniter\CodeIgniter->run()
#4 {main}
